Log: Log file open, 01/08/23 21:57:11
Init: ----------------------------------------
Init: SWAT VERSION NUMBER: 0.67
Init: ----------------------------------------
Init: Compiled: Nov 22 2005 12:00:47
Init: Command line: -server
Init: Base directory: E:\GOG Games\SWAT 4\ContentExpansion\System\
Init: Character set: Unicode
Init: Found startup configuration: Startup.ini
Init: Adding FilePath: ..\System;..\Content\Scenarios;..\Content\Maps;..\..\ContentExpansion\System;..\..\ContentExpansion\Scenarios;..\..\ContentExpansion\Maps;..\..\ContentExpansion\Movies;..\..\ContentExpansion\LocalizedContent;..\..\ContentExpansion\Sounds;..\..\ContentExpansion\CustomSkins;..\..\ContentExpansion\Test\Maps;..\..\Content\System;..\..\Content\Scenarios;..\..\Content\Maps;..\..\LocalizedContent;..\..\Content\Sounds;..\Content\Sounds;..\..\Content\Movies;..\..\Content\Test\Maps
Log: Bound to Window.dll
Log: Bound to Core.dll
Log: Bound to Scripting.dll
Log: Bound to Engine.dll
Log: Bound to SwatAIAwareness.dll
Log: Bound to AICommon.dll
Log: Bound to ALAudio.dll
Init: Object subsystem initialized
Init: Computer: PCCASA
Init: User: admin
Init: CPU Page size=4096, Processors=4
Init: CPU Detected: PentiumPro-class processor (GenuineIntel)
Init: CPU Features: CMov FPU RDTSC PAE MMX SSE
Init: CPU Speed=3512.666680 MHz
Init: Memory total: Phys=2097151K Pagef=4194303K Virt=2097024K
Init: Working set: 32000 / 159000
Log: Bound to SwatGame.dll
Log: Bound to RWOSupport.dll
Log: Bound to Tyrion.dll
Log: Bound to GUI.dll
Log: Bound to SwatAICommon.dll
Log: Bound to Editor.dll
Log: Bound to ScriptCompiler.dll
Log: Bound to IGEffectsSystem.dll
Log: Bound to IGSoundEffectsSubsystem.dll
Log: Bound to SwatEquipment.dll
Log: Bound to IpDrv.dll
Log: (Havok): Initializing base system.
Log: Bound to IGVisualEffectsSubsystem.dll
Init: Unreal engine initialized
Log: Updating Revision level for 6FBA5C89406F719500DE59B6D97B5E1C to 0
Log: Updating Revision level for D2740E0840AD473E582EECAF297BD4B7 to 0
Log: Updating Revision level for 8C759AE3493613DAF9D0E2A6F4E2CCE5 to 0
Log: Updating Revision level for E23546D34F98DA160AD7ACA5800ED2DC to 0
Log: Updating MD5 for FF9D6399466ED215066FFA9EB4661F2D [422b2741c5ed0ea5074fa6e6b2da8e4f010ac0aaafc1cccec321fd1158f6be85]
Log: Updating Revision level for 039AD70E48986DE3F2449C89A170AAAA to 0
Log: Updating Revision level for 4A5398D94FBC76EE6EE342B76DAF3D13 to 0
Log: Updating Revision level for 5E98A79143A484D88343EE957388AC02 to 0
Log: Updating Revision level for 208D36E3490B3949F3ECF382E16EF133 to 0
Log: Updating Revision level for 03EFF845498E2B704B282A83E6D72F9F to 0
Log: Updating Revision level for 4BE21C6545BF6E24D5459AAE872CA5B9 to 0
Log: Updating Revision level for A488A2614473C5A47075EC99404D09D2 to 0
Log: Updating Revision level for E393DCB0436B6E19F8F659A0982594AD to 0
Log: Updating Revision level for FB5BC13B43A84DA53E5E7FB8180D291D to 0
Log: Updating MD5 for 87A2714C4199817A7A512193691F7070 [58f7d5757496d068dc889fc6c6f3c82c81c63cd25f67513892396e32cd1c0f34]
Log: Updating Revision level for 87EB5ADB45BAB40BE5709D952E997D65 to 0
Log: Updating Revision level for 2E96DFFA4485C68E7784648996E5346C to 0
Log: Updating Revision level for C1394A524E0701CC34CE15A238657E1A to 0
Log: Updating Revision level for 42303B594DFFF5A438834DAB9CFF5ABC to 0
Log: Updating Revision level for B69DC5CC40E7774262097BA40D360DFE to 0
Log: Updating Revision level for 2B690A4F4782FCF9D51443BF738C8561 to 0
Log: Updating MD5 for 906B2DE14203E4216F48969F29965DF9 [6f1420d17d18f0694f35f46456a7483c1031628cb91a13014e4cf3c7323fb97d]
Log: Updating MD5 for B093D31248DD406F062A02ACC85A5763 [6f1420d17d18f0694f35f46456a7483c1031628cb91a13014e4cf3c7323fb97d94fcd411b4e8cc1ae6f9d0d8209f512d]
Warning: Failed to load 'Class DesertCamo.DesertCamoCustomSkin': Failed to find object 'Class DesertCamo.DesertCamoCustomSkin'
Log: Initializing the game as a dedicated server!
Log: UGameEngine::Init() ... CommandLine = -server
Log: Browse: Entry.s4m?Name=OfficerMonki?Class=SwatGame.SwatPlayer?team=255
Log: LoadMap: Entry.s4m?Name=OfficerMonki?Class=SwatGame.SwatPlayer?team=255
Log: [dkaplan]: URL.Map = Entry.s4m
Log: ****************************************************
Log:  Beginning level load: 'Entry.s4m'
Log: ****************************************************
Log: ****************************************************
Log:  Finished level load in 0.016 seconds
Log: ****************************************************
Log: Building Collision Octree...
Log: Finished Building Collision Octree
Log: Game class is 'GameInfo'
Init: WinSock: version 1.1 (2.2), MaxSocks=32767, MaxUdp=65467
Init: WinSock: Socket queue 131072 / 131072
Init: WinSock: I am PC-CASA (26.85.202.120)
DevNet: TcpNetDriver on port 10480
Log: Server Package: Core
Log: Server Package: Engine
Log: Server Package: IGEffectsSystem
Log: Server Package: IGVisualEffectsSubsystem
Log: Server Package: IGSoundEffectsSubsystem
Log: Server Package: Voting
Log: Server Package: Editor
Log: Server Package: UWindow
Log:    (server-side only)
Log: Server Package: GamePlay
Log: Server Package: GUI
Log: Server Package: SwatEd
Log: Server Package: IpDrv
Log:    (server-side only)
Log: Server Package: Tyrion
Log: Server Package: AICommon
Log: Server Package: Scripting
Log: Server Package: SwatAIAwareness
Log: Server Package: SwatAICommon
Log: Server Package: RWOSupport
Log: Server Package: SwatGame
Log: Server Package: SwatEffects
Log: Server Package: SwatEquipment
Log: Server Package: SwatProtectiveEquipment
Log: Server Package: SwatProtectiveEquipment2
Log: Server Package: SwatSimpleEquipment
Log: Server Package: SwatObjectives
Log: Server Package: SwatProcedures
Log: Server Package: SwatGui
Log: Bound to SwatGui.dll
Log: Server Package: SwatEquipmentModels
Log: Server Package: SwatEquipmentModels2
Log: Server Package: SWATofficerTex
Log: Server Package: mp_OfficerTex
Log: Server Package: SwatAmmo
Log: Server Package: SwatAmmo2
Log: Server Package: SwatCameraEffects
Log: Server Package: SwatCameraEffects2
Log: Server Package: SW_Objects
Log: Server Package: SW_Bounce
Log: Server Package: SW_Ambients
Log: Server Package: SW_Bullets
Log: Server Package: SW_Feet
Log: Server Package: SW_Hits
Log: Server Package: SW_Meta
Log: Server Package: SW_VO
Log: Server Package: SW_Weapons
Log: Server Package: SWATMaleAnimation
Log: Server Package: FemaleAnimation
Log: Server Package: SwatBadguyTex
Log: Server Package: FemaleCasual1Tex
Log: Server Package: FemaleCasual2Tex
Log: Server Package: FemaleCasual3Tex
Log: Server Package: FemaleHeavyTex
Log: Server Package: FemaleNurseTex
Log: Server Package: FemaleOfficeTex
Log: Server Package: CultLeaderTextureSet
Log: Server Package: LeoMelTextureSet
Log: Server Package: MaleCasual1Tex
Log: Server Package: MaleCasual2Tex
Log: Server Package: MaleCasual3Tex
Log: Server Package: MaleCasual4Tex
Log: Server Package: MaleCasualArmorTex
Log: Server Package: MaleChubbyTex
Log: Server Package: MaleDoctorTex
Log: Server Package: MaleGang1Tex
Log: Server Package: MaleJanitorTextureSet
Log: Server Package: MaleSuitTex
Log: Server Package: SwatDesignerClasses2
Log: Spawning: IpDrv.MasterServerUplink
Log: UGameSpyManager::InitAsServer().
Log: Level is Level Entry.myLevel
Log: *** WARNING - PATHS MAY NOT BE VALID ***
Log: Bringing Level Entry.myLevel up for play (20)...
Log: ---------- IsTheEntryLevel = 1, GameEngine=0x521E380, GameEngine->GEntry=0x0, GameEngine->GEntry->GetLevelInfo()=0x0, current LevelInfo=0x14684600
VoiceChat: (t=0.000): GameInfo0 VoiceReplicationInfo created: None
Log: MasterServerUplink::Reconnect().
Log: ...Engine URL Port=0
Log: Loadmap executed in 1.29 seconds. (0.00 Verify) (0.02 Load) (1.27 Actor Init)
Log: URL: Adding default option Class=SwatGame.SwatPlayer
Log: URL: Adding default option team=255
Log: Browse: SP-ConvenienceStore?Name=OfficerMonki?dedicated?Class=SwatGame.SwatPlayer?team=255
Log: LoadMap: SP-ConvenienceStore?Name=OfficerMonki?dedicated?Class=SwatGame.SwatPlayer?team=255
Log: [dkaplan]: URL.Map = SP-ConvenienceStore
Exit: Socket shut down
Log: ****************************************************
Log:  Beginning level load: 'SP-ConvenienceStore'
Log: ****************************************************
Log: (Havok): Physical world for ULevel being created.
Log: (Havok): Using medium solver
Log: (Havok): Found 3 ragdoll files matching search path '..\HavokData\*.hke'
Log: (Havok):   Precached ragdoll for file 'HotelSuitBag_rd.hke' in 1 ms.
Log: (Havok):   Precached ragdoll for file 'PaperTarget_rd.hke' in 1 ms.
Log: (Havok):   Precached ragdoll for file 'SWATofficer_rd.hke' in 21 ms.
Log: (Havok): Finished precaching ragdolls
Log: ****************************************************
Log:  Finished level load in 2.369 seconds
Log: ****************************************************
Log: Collecting garbage
Log: Purging garbage
Log: 19835.0ms Unloading: Package 10_NYPD-ESUv1
Log: 19835.0ms Unloading: Package skn_NYPD-ESUv1_Tex
Log: 19835.0ms Unloading: Package 10_NYPD-ESUv2
Log: 19835.0ms Unloading: Package skn_NYPD-ESUv2_Tex
Log: 19835.0ms Unloading: Package 11_LAPD-SWATv1
Log: 19835.0ms Unloading: Package skn_LAPD_SWATv1_Tex
Log: 19835.0ms Unloading: Package 11_LAPD-SWATv2
Log: 19835.0ms Unloading: Package skn_LAPD_SWATv2_Tex
Log: 19835.0ms Unloading: Package 11_LAPD-SWATv3
Log: 19835.0ms Unloading: Package skn_LAPD_SWATv3_Tex
Log: 19835.0ms Unloading: Package 12_ACLUv1
Log: 19835.0ms Unloading: Package skn_ACLUv1_Tex
Log: 19835.0ms Unloading: Package 12_ACLUv2
Log: 19835.0ms Unloading: Package skn_ACLUv2_Tex
Log: 19835.0ms Unloading: Package 13_SWATv1
Log: 19835.0ms Unloading: Package skn_SWATv1_Tex
Log: 19835.0ms Unloading: Package 13_SWAT_Lead
Log: 19835.0ms Unloading: Package skn_SWAT_Lead_Tex
Log: 19835.0ms Unloading: Package 14_SWATUrbanv1
Log: 19835.0ms Unloading: Package skn_SWATUrbanv1_Tex
Log: 19835.0ms Unloading: Package 14_SWATUrban_Lead
Log: 19835.0ms Unloading: Package skn_SWATUrban_Lead_Tex
Log: 19835.0ms Unloading: Package 15_SWATCityv1
Log: 19835.0ms Unloading: Package skn_SWATCityv1_Tex
Log: 19835.0ms Unloading: Package 15_SWATCity_Lead
Log: 19835.0ms Unloading: Package skn_SWATCity_Lead_Tex
Log: 19835.0ms Unloading: Package 16_SASv1
Log: 19835.0ms Unloading: Package skn_SASv1_Tex
Log: 19835.0ms Unloading: Package 16_SAS_Lead
Log: 19835.0ms Unloading: Package skn_SAS_Lead_Tex
Log: 19835.0ms Unloading: Package 17_Maniken
Log: 19835.0ms Unloading: Package skn_Maniken_Tex
Log: 19835.0ms Unloading: Package 2_CSPD_SWATv1
Log: 19835.0ms Unloading: Package skn_CSPD_SWATv1_Tex
Log: 19835.0ms Unloading: Package 2_CSPD_SWATv2
Log: 19835.0ms Unloading: Package skn_CSPD_SWATv2_Tex
Log: 19835.0ms Unloading: Package 3_DEAv1
Log: 19835.0ms Unloading: Package skn_DEAv1_Tex
Log: 19836.0ms Unloading: Package 3_DEAv2
Log: 19836.0ms Unloading: Package skn_DEAv2_Tex
Log: 19836.0ms Unloading: Package 3_DEAv3
Log: 19836.0ms Unloading: Package skn_DEAv3_Tex
Log: 19836.0ms Unloading: Package 3_DEAv4
Log: 19836.0ms Unloading: Package skn_DEAv4_Tex
Log: 19836.0ms Unloading: Package 3_DEA_Lead
Log: 19836.0ms Unloading: Package skn_DEA_Lead_Tex
Log: 19836.0ms Unloading: Package 4_RedAssault
Log: 19836.0ms Unloading: Package skn_RedAssault_Tex
Log: 19836.0ms Unloading: Package 4_RedBreacher
Log: 19836.0ms Unloading: Package skn_RedBreacher_Tex
Log: 19836.0ms Unloading: Package 4_RedPointman
Log: 19836.0ms Unloading: Package skn_RedPointman_Tex
Log: 19836.0ms Unloading: Package 4_RedStealth
Log: 19836.0ms Unloading: Package skn_RedStealth_Tex
Log: 19836.0ms Unloading: Package 5_Police
Log: 19836.0ms Unloading: Package skn_Police_Tex
Log: 19836.0ms Unloading: Package 6_PoliceBlack
Log: 19836.0ms Unloading: Package skn_PoliceBlack_Tex
Log: 19836.0ms Unloading: Package 7_GIGN
Log: 19836.0ms Unloading: Package skn_GIGN_Tex
Log: 19836.0ms Unloading: Package 7_GIGN_Lead
Log: 19836.0ms Unloading: Package skn_GIGN_Lead_Tex
Log: 19836.0ms Unloading: Package 8_GIGNBlack
Log: 19836.0ms Unloading: Package skn_GIGNBlack_Tex
Log: 19836.0ms Unloading: Package 8_GIGNBlack_Lead
Log: 19836.0ms Unloading: Package skn_GIGNBlack_Lead_Tex
Log: 19836.0ms Unloading: Package 9_GIGNSnow
Log: 19836.0ms Unloading: Package skn_GIGNSnow_Tex
Log: 19836.0ms Unloading: Package 9_GIGNSnow_Lead
Log: 19836.0ms Unloading: Package skn_GIGNSnow_Lead_Tex
Log: 19836.0ms Unloading: Package ARAS
Log: 19836.0ms Unloading: Package ARAS_Tex
Log: 19836.0ms Unloading: Package ArgentineGEOF
Log: 19836.0ms Unloading: Package ArgentineGEOF_Tex
Log: 19836.0ms Unloading: Package BosnianSIPA1
Log: 19836.0ms Unloading: Package BosnianSIPA1_Tex
Log: 19836.0ms Unloading: Package BrazilianCore
Log: 19836.0ms Unloading: Package BrazilianCore_Tex
Log: 19836.0ms Unloading: Package BrazilianCoreII
Log: 19836.0ms Unloading: Package BrazilianCoreII_Tex
Log: 19837.0ms Unloading: Package BrazilianCOREx
Log: 19837.0ms Unloading: Package BrazilianCOREx_Tex
Log: 19837.0ms Unloading: Package cgsu
Log: 19837.0ms Unloading: Package CGSU_Tex
Log: 19837.0ms Unloading: Package CTSFO
Log: 19837.0ms Unloading: Package CTSFO_Tex
Log: 19837.0ms Unloading: Package DesertATF
Log: 19837.0ms Unloading: Package DesertCamoATF_Tex
Log: 19837.0ms Unloading: Package Taiwan_OfficerTex
Log: 19837.0ms Unloading: Package DesertCamo
Log: 19837.0ms Unloading: Package DesertCamo_Tex
Log: 19837.0ms Unloading: Package DSI
Log: 19837.0ms Unloading: Package DSI_Tex
Log: 19837.0ms Unloading: Package DSItwo
Log: 19837.0ms Unloading: Package DSItwo_Tex
Log: 19837.0ms Unloading: Package FBIswat
Log: 19837.0ms Unloading: Package FBIswat_Tex
Log: 19837.0ms Unloading: Package ForceOneA
Log: 19837.0ms Unloading: Package ForceOneA_Tex
Log: 19837.0ms Unloading: Package ForceOneB
Log: 19837.0ms Unloading: Package ForceOneB_Tex
Log: 19837.0ms Unloading: Package GARDA
Log: 19837.0ms Unloading: Package GARDA_Tex
Log: 19837.0ms Unloading: Package GIGN
Log: 19837.0ms Unloading: Package GIGN_OfficerTex
Log: 19837.0ms Unloading: Package GIGNFR
Log: 19837.0ms Unloading: Package GIGNFR_Tex
Log: 19837.0ms Unloading: Package GreyDesert
Log: 19837.0ms Unloading: Package SUSGreyDesert_Tex
Log: 19837.0ms Unloading: Package Suspect2_officerTex
Log: 19837.0ms Unloading: Package SUSSting_Tex
Log: 19837.0ms Unloading: Package GSG
Log: 19837.0ms Unloading: Package GSG_Tex
Log: 19837.0ms Unloading: Package HungarianTEK
Log: 19837.0ms Unloading: Package HungarianTEK_Tex
Log: 19837.0ms Unloading: Package IndiaRAF
Log: 19837.0ms Unloading: Package IndiaRAF_Tex
Log: 19837.0ms Unloading: Package IndiaRAFv2
Log: 19837.0ms Unloading: Package IndiaRAFv2_Tex
Log: 19837.0ms Unloading: Package JapaneseSATcamo
Log: 19837.0ms Unloading: Package JapaneseSATcamo_Tex
Log: 19837.0ms Unloading: Package JungleATF
Log: 19837.0ms Unloading: Package JungleCamoATF_Tex
Log: 19837.0ms Unloading: Package JungleCamo
Log: 19837.0ms Unloading: Package JungleCamo_Tex
Log: 19837.0ms Unloading: Package Marshv1
Log: 19837.0ms Unloading: Package skn_Marshv1_Tex
Log: 19837.0ms Unloading: Package Marsh_Lead
Log: 19837.0ms Unloading: Package skn_Marsh_Lead_Tex
Log: 19837.0ms Unloading: Package NOCS
Log: 19837.0ms Unloading: Package NOCS_Tex
Log: 19837.0ms Unloading: Package PIKETEN
Log: 19837.0ms Unloading: Package PIKETEN_Tex
Log: 19837.0ms Unloading: Package PolishBOAground
Log: 19837.0ms Unloading: Package PolishBOAground_Tex
Log: 19837.0ms Unloading: Package PolishBOAsky
Log: 19837.0ms Unloading: Package PolishBOAsky_Tex
Log: 19837.0ms Unloading: Package PolishBOAskyb
Log: 19837.0ms Unloading: Package PolishBOAskyb_Tex
Log: 19837.0ms Unloading: Package PolishGROM
Log: 19837.0ms Unloading: Package PolishGROM_Tex
Log: 19837.0ms Unloading: Package RAID
Log: 19837.0ms Unloading: Package RAID_Tex
Log: 19837.0ms Unloading: Package RedDawn
Log: 19837.0ms Unloading: Package Red_Dawn_Tex
Log: 19837.0ms Unloading: Package UrbanCamoATF_Tex
Log: 19837.0ms Unloading: Package RedDawnATF
Log: 19837.0ms Unloading: Package RedDesert
Log: 19837.0ms Unloading: Package SUSRedDesert_Tex
Log: 19837.0ms Unloading: Package RussianOMONblue
Log: 19837.0ms Unloading: Package RussianOMONblue_Tex
Log: 19837.0ms Unloading: Package RussianOMONgreen
Log: 19837.0ms Unloading: Package RussianOMONgreen_Tex
Log: 19837.0ms Unloading: Package RussianTropical
Log: 19837.0ms Unloading: Package SUSRussianTropical_Tex
Log: 19837.0ms Unloading: Package SCO19
Log: 19837.0ms Unloading: Package SCO19_Tex
Log: 19837.0ms Unloading: Package SerbGendarmeryCamo
Log: 19837.0ms Unloading: Package SerbGendarmeryCamo_Tex
Log: 19837.0ms Unloading: Package SkyATF
Log: 19837.0ms Unloading: Package SkyCamoATF_Tex
Log: 19837.0ms Unloading: Package SkyCamo
Log: 19837.0ms Unloading: Package SkyCamo_Tex
Log: 19837.0ms Unloading: Package SkyPink
Log: 19837.0ms Unloading: Package Sky_Pink_Tex
Log: 19837.0ms Unloading: Package SkyPinkATF
Log: 19837.0ms Unloading: Package suspect1
Log: 19837.0ms Unloading: Package suspect2
Log: 19837.0ms Unloading: Package Taiwan
Log: 19837.0ms Unloading: Package skn_Taiwan_Tex
Log: 19837.0ms Unloading: Package theTaiwan
Log: 19837.0ms Unloading: Package theTaiwan_Tex
Log: 19837.0ms Unloading: Package UrbanATF
Log: 19837.0ms Unloading: Package UrbanCamo
Log: 19837.0ms Unloading: Package UrbanCamo_Tex
Log: 19837.0ms Unloading: Package URNA
Log: 19837.0ms Unloading: Package URNA_Tex
Log: 19837.0ms Unloading: Package Woodland1
Log: 19837.0ms Unloading: Package woodlandCamo_Tex
Log: 19837.0ms Unloading: Package Woodland1ATF
Log: 19837.0ms Unloading: Package woodlandATF_Tex
Log: 19837.0ms Unloading: Package Woodland2
Log: 19837.0ms Unloading: Package WoodlandCamo2_Tex
Log: 19837.0ms Unloading: Package Woodland2ATF
Log: 19837.0ms Unloading: Package woodland2ATF_Tex
Log: 19837.0ms Unloading: Package YellowSting
Log: 19837.0ms Unloading: Package SwatObjectives
Log: 19838.0ms Unloading: Package Entry
Log: 19838.0ms Unloading: Package UWindow
Log: 19838.0ms Unloading: Package SwatEd
Log: 19838.0ms Unloading: Package SwatGui
Log: 19838.0ms Unloading: Package SwatAmmo2
Log: 19838.0ms Unloading: Package SwatProjectile
Log: 19838.0ms Unloading: Package SwatCameraEffects
Log: 19838.0ms Unloading: Package SwatCameraEffects2
Log: 19838.0ms Unloading: Package SW_Objects
Log: 19838.0ms Unloading: Package SW_Bounce
Log: 19838.0ms Unloading: Package SW_Ambients
Log: 19838.0ms Unloading: Package SW_Bullets
Log: 19838.0ms Unloading: Package SW_Feet
Log: 19838.0ms Unloading: Package SW_Hits
Log: 19838.0ms Unloading: Package SW_Meta
Log: 19838.0ms Unloading: Package SW_VO
Log: 19838.0ms Unloading: Package SW_Weapons
Log: 19838.0ms Unloading: Package FemaleAnimation
Log: 19838.0ms Unloading: Package FemaleCasual1Tex
Log: 19838.0ms Unloading: Package FemaleCasual3Tex
Log: 19838.0ms Unloading: Package SwatDesignerClasses2
Log: 19838.0ms Unloading: Package halfwayhouse_sm
Log: 19838.0ms Unloading: Package halfway_tex
Log: 19838.0ms Unloading: Package warehouse_sm
Log: 19838.0ms Unloading: Package warehouse_tex
Log: MasterServerUplink::Destroy().
Log: Garbage: objects: 66668->64464; refs: 1046012
Log: (Havok): Calling HavokInitActor on all 2768 Actors in the level
Log: Can't create object None: class HavokObject is abstract
Log: (Havok) Initialised level mopp in 0.06 seconds
Log: Building Collision Octree...
Log: Finished Building Collision Octree
Log: Game class is 'SwatGameInfo'
Init: WinSock: Socket queue 131072 / 131072
DevNet: TcpNetDriver on port 10480
Log: Server Package: Core
Log: Server Package: Engine
Log: Server Package: IGEffectsSystem
Log: Server Package: IGVisualEffectsSubsystem
Log: Server Package: IGSoundEffectsSubsystem
Log: Server Package: Voting
Log: Server Package: Editor
Log: Server Package: UWindow
Log:    (server-side only)
Log: Server Package: GamePlay
Log: Server Package: GUI
Log: Server Package: SwatEd
Log: Server Package: IpDrv
Log:    (server-side only)
Log: Server Package: Tyrion
Log: Server Package: AICommon
Log: Server Package: Scripting
Log: Server Package: SwatAIAwareness
Log: Server Package: SwatAICommon
Log: Server Package: RWOSupport
Log: Server Package: SwatGame
Log: Server Package: SwatEffects
Log: Server Package: SwatEquipment
Log: Server Package: SwatProtectiveEquipment
Log: Server Package: SwatProtectiveEquipment2
Log: Server Package: SwatSimpleEquipment
Log: Server Package: SwatObjectives
Log: Server Package: SwatProcedures
Log: Server Package: SwatGui
Log: Server Package: SwatEquipmentModels
Log: Server Package: SwatEquipmentModels2
Log: Server Package: SWATofficerTex
Log: Server Package: mp_OfficerTex
Log: Server Package: SwatAmmo
Log: Server Package: SwatAmmo2
Log: Server Package: SwatCameraEffects
Log: Server Package: SwatCameraEffects2
Log: Server Package: SW_Objects
Log: Server Package: SW_Bounce
Log: Server Package: SW_Ambients
Log: Server Package: SW_Bullets
Log: Server Package: SW_Feet
Log: Server Package: SW_Hits
Log: Server Package: SW_Meta
Log: Server Package: SW_VO
Log: Server Package: SW_Weapons
Log: Server Package: SWATMaleAnimation
Log: Server Package: FemaleAnimation
Log: Server Package: SwatBadguyTex
Log: Server Package: FemaleCasual1Tex
Log: Server Package: FemaleCasual2Tex
Log: Server Package: FemaleCasual3Tex
Log: Server Package: FemaleHeavyTex
Log: Server Package: FemaleNurseTex
Log: Server Package: FemaleOfficeTex
Log: Server Package: CultLeaderTextureSet
Log: Server Package: LeoMelTextureSet
Log: Server Package: MaleCasual1Tex
Log: Server Package: MaleCasual2Tex
Log: Server Package: MaleCasual3Tex
Log: Server Package: MaleCasual4Tex
Log: Server Package: MaleCasualArmorTex
Log: Server Package: MaleChubbyTex
Log: Server Package: MaleDoctorTex
Log: Server Package: MaleGang1Tex
Log: Server Package: MaleJanitorTextureSet
Log: Server Package: MaleSuitTex
Log: Server Package: SwatDesignerClasses2
Log: Spawning: IpDrv.MasterServerUplink
Log: UGameSpyManager::InitAsServer().
Log: ...1
Log: Level is Level SP-ConvenienceStore.myLevel
Log: *** WARNING - PATHS MAY NOT BE VALID ***
Log: Bringing Level SP-ConvenienceStore.myLevel up for play (20)...
Log: ---------- IsTheEntryLevel = 0, GameEngine=0x521E380, GameEngine->GEntry=0x0, GameEngine->GEntry->GetLevelInfo()=0x0, current LevelInfo=0x14683800
VoiceChat: (t=0.000): SwatVoiceReplicationInfo0 ___________________PostNetBeginPlay
VoiceChat: (t=0.000): SwatVoiceReplicationInfo0 AddVoiceChannel PRI:None
VoiceChat: (t=0.000): SwatVoiceReplicationInfo0 AddVoiceChannel PRI:None
VoiceChat: (t=0.000): SwatGameInfo0 VoiceReplicationInfo created: SP-ConvenienceStore.SwatVoiceReplicationInfo0
Log: Resolving ...
Log: Turning on AssertWithDescription dialog box.
Log: MasterServerUplink::Reconnect().
Log: ...Engine URL Port=10480
Log: Loadmap executed in 5.48 seconds. (0.49 Verify) (2.37 Load) (2.30 Actor Init)
Init: Game engine initialized in 16.941 seconds
Log: Startup time: 22.150000 seconds
Init: EffectsSystem Configuration: ..\system\SoundEffectsConfig.u is up-to-date.
Log: [EFFECTS SYSTEM] The SoundEffectsSubsystem's configuration package is up-to-date.
Log: There are no Streams specified for StreamSoundEffectSpecification: 
Log: There are no Streams specified for StreamSoundEffectSpecification: 
Log: There are no Streams specified for StreamSoundEffectSpecification: 
Log: Collecting garbage
Log: Purging garbage
Log: 25232.0ms Unloading: Package UWindow
Log: Garbage: objects: 102199->87165; refs: 979073
Log: SoundEffectsSubsystem created.
Log: Resolved  (26.85.202.120)
Log: In UGameSpyManager::ServerInit().
Log: In GameSpyWrapper---serverInitGameSpy().
Log: 1... GameSpy query port: 10481
Log: [Stats] Connecting on port 10480
Log: FServerQueryInterface::OnReceivedData(). Responding to ping.
DevNet: NotifyAcceptingConnection: Server myLevel accept
NetComeGo: Open myLevel 01/08/23 21:59:43 26.85.202.120:56015
DevNet: NotifyAcceptingChannel Control 0 server Level SP-ConvenienceStore.myLevel: Accepted
DevNet: Level server received: HELLO REVISION=0 MINVER=2000 VER=2226
DevNet: Level server received: NETSPEED 10000
Log: Client netspeed is 7000
DevNet: Level server received: LOGIN RESPONSE=-1371137464 URL=Index.s4m?Name=OfficerMonki?Class=SwatGame.SwatPlayer?team=255
DevNet: Login request: Index.s4m?Name=OfficerMonki?Class=SwatGame.SwatPlayer?team=255
DevNet: Level server received: VERIFYCONTENT FILE=SwatGear_sm.usx MD5=607f3d540dea67c615da4f13678839a3
DevNet: Level server received: VERIFYCONTENT FILE=SWAT1stPersonTex.utx MD5=80cfb8bbde9c1d6e79d91ac4ef059253
DevNet: Level server received: VERIFYCONTENT FILE=SwatFXtex.utx MD5=138f02362ce448e8a60faf73f3664b4c
DevNet: Level server received: VERIFYCONTENT FILE=HUD.utx MD5=8dc149e3b0fa26b928da867d7fdabbfc
DevNet: Level server received: VERIFYCONTENT FILE=SwatDesignerClasses.u MD5=7c21efa16fa90722b646f59fb6a17db5
DevNet: Level server received: VERIFYCONTENT FILE=doors_Tex.utx MD5=9de6057b6e5907c023e3aac94b57029c
DevNet: Level server received: VERIFYCONTENT FILE=Coronas.utx MD5=4dcbd98c2ed9f9afde3c05b21c584313
DevNet: Level server received: VERIFYCONTENT FILE=scripted_tex.utx MD5=3696e4a0735ebfa8c98565c2f8573930
DevNet: Level server received: VERIFYCONTENT FILE=SwatEquipmentModels.u MD5=dae11d0d24c305b49e928fcdba84bd62
DevNet: Level server received: VERIFYCONTENT FILE=SWATofficerTex.utx MD5=ba8f26334d419fc9146781f86f017098
DevNet: Level server received: VERIFYCONTENT FILE=SWATmeshFX_sm.usx MD5=adfc5a9d6e1a0a6ceb3ca29f256e52cd
DevNet: Level server received: VERIFYCONTENT FILE=mp_OfficerTex.utx MD5=6d4e0c7bf2589b7275906e0f3ede58d1
DevNet: Level server received: VERIFYCONTENT FILE=SwatProtectiveEquipment.u MD5=a47c0122e196f7c326059a551b6f49b3
DevNet: Level server received: VERIFYCONTENT FILE=SWATheavyTex.utx MD5=86c8389c8036ac1d556ae8d6f081ee74
DevNet: Level server received: VERIFYCONTENT FILE=SwatAmmo.u MD5=59b2b1cd83cf25b0ad250bfb2663658b
DevNet: Level server received: VERIFYCONTENT FILE=CameraEffectsTex.utx MD5=1ba60aeee547a688a926168d38b405dd
DevNet: Level server received: VERIFYCONTENT FILE=SwatEffects.u MD5=511b4ae35f0536793046811a26441f26
DevNet: Level server received: VERIFYCONTENT FILE=SwatCameraEffects.u MD5=0accac3111bbfece50cea81a0d50f901
DevNet: Level server received: VERIFYCONTENTCLIENTFINISHEDSENDING
DevNet: Level server received: CRITOBJCNT 39
DevNet: Level server received: GAMESTATE 066FFA9EB4661F2D466ED215FF9D6399072387a17e364549ce0547f831a88d1d
DevNet: Level server received: GAMESTATE 6F48969F29965DF94203E421906B2DE149d73646a00d59e51d6ddb9fa0a1e3b5
DevNet: Level server received: GAMESTATE 062A02ACC85A576348DD406FB093D3125faa9bcdd0052748cb6229b4d584396d
DevNet: Level server received: GAMESTATE D51443BF738C85614782FCF92B690A4F2a03f743aa2d406b7ad6fba3083fa340
DevNet: Level server received: GAMESTATE 8343EE957388AC0243A484D85E98A79197880ceefbfb1d0d50e9388cfb7e1461
DevNet: Level server received: GAMESTATE 4B282A83E6D72F9F498E2B7003EFF845cfa3c421ccdec13bcee261cf1436095d
DevNet: Level server received: GAMESTATE D5459AAE872CA5B945BF6E244BE21C658ae160311c8e4c26c0bed1589ec65a5d
DevNet: Level server received: GAMESTATE F3ECF382E16EF133490B3949208D36E341116f5cbb967b9e41c69339abca1181
DevNet: Level server received: GAMESTATE 7A512193691F70704199817A87A2714Ceb9f2e0e30120af4bf9ae0125b09c51d
DevNet: Level server received: GAMESTATE 7075EC99404D09D24473C5A4A488A2615aa048e804d560c1b81d490750a313c2
DevNet: Level server received: GAMESTATE 38834DAB9CFF5ABC4DFFF5A442303B59e686aec6cc1c83eb8c8c1cf37ae439f0
DevNet: Level server received: GAMESTATE 0AD7ACA5800ED2DC4F98DA16E23546D36922271a4332da2deacc8abb733c17fa
DevNet: Level server received: GAMESTATE AAAB20928BA6862F4B3EFDEC41B29AB8df05c9d68fa083d03827c8b7211e7893
DevNet: Level server received: GAMESTATE F2449C89A170AAAA48986DE3039AD70E937db96fc9ccefb583a7111a7a381ec3
DevNet: Level server received: GAMESTATE 6EE342B76DAF3D134FBC76EE4A5398D93e118c9a33a1223cc11e141c5767f0aa
DevNet: Level server received: GAMESTATE 5EC05A8C1F68BA134937244C0A7826843bdfc8fff5f84395c9e077f8121e17a4
DevNet: Level server received: GAMESTATE E81B84930B17FE1046007FA6688D6346d9e14d5c439bc240e4a129a6a5546a28
DevNet: Level server received: GAMESTATE 75FBF48641B970DE4113FC870C56B21121f6a7d9ea892931ff794885bf518d02
DevNet: Level server received: GAMESTATE E083EC8D8517E42649ADDC9AE659690Af7b1344ebb95564c2822dc99a3a848f8
DevNet: Level server received: GAMESTATE 34CE15A238657E1A4E0701CCC1394A52ce138d81fc29dea9998c1863de451d84
DevNet: Level server received: GAMESTATE 582EECAF297BD4B740AD473ED2740E08dfea42181b2ccdab77eeb4a51065a16b
DevNet: Level server received: GAMESTATE F8F659A0982594AD436B6E19E393DCB04e0a2d25b8c1860a7e51c4b2afe4ae82
DevNet: Level server received: GAMESTATE 242747973621F82D4301EE9CB21402F7deb13018f19df37b1ec49a2c69eea46d
DevNet: Level server received: GAMESTATE B9E71CA45B191C864B6A2484D4822573f285e08dd1812fc926c360dd76cc9d8e
DevNet: Level server received: GAMESTATE 972683BC671F83DC4A1CD6B5D43C01D2401e95d3ae7ad07aeededd75262b0a3d
DevNet: Level server received: GAMESTATE 7718B684E4B3FA26421608A1BE25F1FF8e53d1bd8d52ccb7b0ca988c1da6e74e
DevNet: Level server received: GAMESTATE 62097BA40D360DFE40E77742B69DC5CC7670dd3f6017a87b8b9b2b99b53325be
DevNet: Level server received: GAMESTATE 7784648996E5346C4485C68E2E96DFFAfd6cabef9fccec1871847e1d8921c055
DevNet: Level server received: GAMESTATE 00DE59B6D97B5E1C406F71956FBA5C892e340206e6c67edd6bae3cb0476d35fa
DevNet: Level server received: GAMESTATE AF113D90E0C29D1E4A3C62044F361525b2d9cf8d1a4d48e59f9d1b1d005d222b
DevNet: Level server received: GAMESTATE 4E6D8EBF83A6A4A046AE79CD957905FA8793f67a7f752878bacdd3d157da9e67
DevNet: Level server received: GAMESTATE 0794888234DD4A9D47DA2EF889872337f5b54a248c3da1afd1e9b7cabde791c2
DevNet: Level server received: GAMESTATE A5C708BCE541542A44313845B20FEC739b2388ff8b429c5bf55c2af4a2e91a49
DevNet: Level server received: GAMESTATE 12DDE5B483B889FB43D030A54DF48448d6ba602b292d32a4d8dc3c11955537e1
DevNet: Level server received: GAMESTATE 3E5E7FB8180D291D43A84DA5FB5BC13B2d8392b61df4deabd9208d3a815686e1
DevNet: Level server received: GAMESTATE F9D0E2A6F4E2CCE5493613DA8C759AE35e923fdbf33b5468770ac3bd1b98f352
DevNet: Level server received: GAMESTATE BADECA9E4A7079FA4804939AB7EC94F0cce921dfa3a5ee0698f5691dda9289f3
DevNet: Level server received: GAMESTATE EA850781902920B14C319053CFDDF2D0fa32e30786d352c6715e6f4e601b238a
DevNet: Level server received: GAMESTATE 806B788F6097006E4A65021F3ECA6705e48b0dd9a6c9f605ec2432924015d3b0
DevNet: Level server received: GAMECONFIGCOUNT 32
DevNet: Server updated from client about MD5s - ExpectedConfigCount: 32 GivenConfigCount: 32
DevNet: Level server received: GAMECONFIG CONFIGFILE=SWATPAWN.INI CONFIGMD5=96be000c922dfe7c31aae8e8172357c7
DevNet: Test MD5 for Config file SWATPAWN.INI - Count is 0
DevNet: Server MD5: 96be000c922dfe7c31aae8e8172357c7
DevNet: Client MD5: 96be000c922dfe7c31aae8e8172357c7
DevNet: Equal:      0
DevNet: Level server received: GAMECONFIG CONFIGFILE=SWATEQUIPMENT.INI CONFIGMD5=9d7e97b8af490570dca1c05df7437e18
DevNet: Test MD5 for Config file SWATEQUIPMENT.INI - Count is 1
DevNet: Server MD5: 9d7e97b8af490570dca1c05df7437e18
DevNet: Client MD5: 9d7e97b8af490570dca1c05df7437e18
DevNet: Equal:      0
DevNet: Level server received: GAMECONFIG CONFIGFILE=SWATGAME.INI CONFIGMD5=7bda4b4c95a367e79b91509d1b90f31a
DevNet: Test MD5 for Config file SWATGAME.INI - Count is 2
DevNet: Server MD5: 7bda4b4c95a367e79b91509d1b90f31a
DevNet: Client MD5: 7bda4b4c95a367e79b91509d1b90f31a
DevNet: Equal:      0
DevNet: Level server received: GAMECONFIG CONFIGFILE=SKELETALREGIONINFORMATION.INI CONFIGMD5=d6f963d4356f48606f13d2e0e399ea25
DevNet: Test MD5 for Config file SKELETALREGIONINFORMATION.INI - Count is 3
DevNet: Server MD5: d6f963d4356f48606f13d2e0e399ea25
DevNet: Client MD5: d6f963d4356f48606f13d2e0e399ea25
DevNet: Equal:      0
DevNet: Level server received: GAMECONFIG CONFIGFILE=EFFECTSSYSTEM.INI CONFIGMD5=6b3efb8a2088d5d2464c1676d8effbae
DevNet: Test MD5 for Config file EFFECTSSYSTEM.INI - Count is 4
DevNet: Server MD5: 6b3efb8a2088d5d2464c1676d8effbae
DevNet: Client MD5: 6b3efb8a2088d5d2464c1676d8effbae
DevNet: Equal:      0
DevNet: Level server received: GAMECONFIG CONFIGFILE=STATICLOADOUT.INI CONFIGMD5=eaf075c0f51d48c234d561d4eaac63a9
DevNet: Test MD5 for Config file STATICLOADOUT.INI - Count is 5
DevNet: Server MD5: eaf075c0f51d48c234d561d4eaac63a9
DevNet: Client MD5: eaf075c0f51d48c234d561d4eaac63a9
DevNet: Equal:      0
DevNet: Level server received: GAMECONFIG CONFIGFILE=SWATPAWNANIMATIONSETS.INI CONFIGMD5=c4707ea33c5c6b7c0c81b1a90cc02660
DevNet: Test MD5 for Config file SWATPAWNANIMATIONSETS.INI - Count is 6
DevNet: Server MD5: c4707ea33c5c6b7c0c81b1a90cc02660
DevNet: Client MD5: c4707ea33c5c6b7c0c81b1a90cc02660
DevNet: Equal:      0
DevNet: Level server received: GAMECONFIG CONFIGFILE=SOUNDEFFECTS.INI CONFIGMD5=40efd6b0e129a339bb903ff643e9a76c
DevNet: Test MD5 for Config file SOUNDEFFECTS.INI - Count is 7
DevNet: Server MD5: 40efd6b0e129a339bb903ff643e9a76c
DevNet: Client MD5: 40efd6b0e129a339bb903ff643e9a76c
DevNet: Equal:      0
DevNet: Level server received: GAMECONFIG CONFIGFILE=AI.INI CONFIGMD5=bdb2fc7bb660b73919774abc2a1f0187
DevNet: Test MD5 for Config file AI.INI - Count is 8
DevNet: Server MD5: bdb2fc7bb660b73919774abc2a1f0187
DevNet: Client MD5: bdb2fc7bb660b73919774abc2a1f0187
DevNet: Equal:      0
DevNet: Level server received: GAMECONFIG CONFIGFILE=OBJECTIVESPECS.INI CONFIGMD5=b970475b570f804ced0b75ecd67ead21
DevNet: Test MD5 for Config file OBJECTIVESPECS.INI - Count is 9
DevNet: Server MD5: b970475b570f804ced0b75ecd67ead21
DevNet: Client MD5: b970475b570f804ced0b75ecd67ead21
DevNet: Equal:      0
DevNet: Level server received: GAMECONFIG CONFIGFILE=MISSIONOBJECTIVES.INI CONFIGMD5=a4bb6706414e0f2863d746070ad66e03
DevNet: Test MD5 for Config file MISSIONOBJECTIVES.INI - Count is 10
DevNet: Server MD5: a4bb6706414e0f2863d746070ad66e03
DevNet: Client MD5: a4bb6706414e0f2863d746070ad66e03
DevNet: Equal:      0
DevNet: Level server received: GAMECONFIG CONFIGFILE=LEADERSHIP.INI CONFIGMD5=7644d44f3912ca3d23ee4c6e7a07e834
DevNet: Test MD5 for Config file LEADERSHIP.INI - Count is 11
DevNet: Server MD5: 7644d44f3912ca3d23ee4c6e7a07e834
DevNet: Client MD5: 7644d44f3912ca3d23ee4c6e7a07e834
DevNet: Equal:      0
DevNet: Level server received: GAMECONFIG CONFIGFILE=CONVERSATIONS.INI CONFIGMD5=b28475d83405defb53f5f085e54ce4ce
DevNet: Test MD5 for Config file CONVERSATIONS.INI - Count is 12
DevNet: Server MD5: b28475d83405defb53f5f085e54ce4ce
DevNet: Client MD5: b28475d83405defb53f5f085e54ce4ce
DevNet: Equal:      0
DevNet: Level server received: GAMECONFIG CONFIGFILE=PLAYERINTERFACE_PLAYERTAGS.INI CONFIGMD5=82e22ef78a6abd25d64a5d5c90f38958
DevNet: Test MD5 for Config file PLAYERINTERFACE_PLAYERTAGS.INI - Count is 13
DevNet: Server MD5: 82e22ef78a6abd25d64a5d5c90f38958
DevNet: Client MD5: 82e22ef78a6abd25d64a5d5c90f38958
DevNet: Equal:      0
DevNet: Level server received: GAMECONFIG CONFIGFILE=TRAININGTEXT.INI CONFIGMD5=f6be828aa5ffc0059ca124f6fc587287
DevNet: Test MD5 for Config file TRAININGTEXT.INI - Count is 14
DevNet: Server MD5: f6be828aa5ffc0059ca124f6fc587287
DevNet: Client MD5: f6be828aa5ffc0059ca124f6fc587287
DevNet: Equal:      0
DevNet: Level server received: GAMECONFIG CONFIGFILE=PLAYERINTERFACE_USE.INI CONFIGMD5=df84dee761a0fa0413c9201abff11fa8
DevNet: Test MD5 for Config file PLAYERINTERFACE_USE.INI - Count is 15
DevNet: Server MD5: df84dee761a0fa0413c9201abff11fa8
DevNet: Client MD5: df84dee761a0fa0413c9201abff11fa8
DevNet: Equal:      0
DevNet: Level server received: GAMECONFIG CONFIGFILE=PLAYERINTERFACE_LOWREADY.INI CONFIGMD5=f955af5f09187c42c670f2306c7705a7
DevNet: Test MD5 for Config file PLAYERINTERFACE_LOWREADY.INI - Count is 16
DevNet: Server MD5: f955af5f09187c42c670f2306c7705a7
DevNet: Client MD5: f955af5f09187c42c670f2306c7705a7
DevNet: Equal:      0
DevNet: Level server received: GAMECONFIG CONFIGFILE=PLAYERINTERFACE_COMMAND_SP.INI CONFIGMD5=41b122caa19af01578cac9835390b8a8
DevNet: Test MD5 for Config file PLAYERINTERFACE_COMMAND_SP.INI - Count is 17
DevNet: Server MD5: 41b122caa19af01578cac9835390b8a8
DevNet: Client MD5: 41b122caa19af01578cac9835390b8a8
DevNet: Equal:      0
DevNet: Level server received: GAMECONFIG CONFIGFILE=PLAYERINTERFACE_FIRE.INI CONFIGMD5=19986caf956cba548834927fef585784
DevNet: Test MD5 for Config file PLAYERINTERFACE_FIRE.INI - Count is 18
DevNet: Server MD5: 19986caf956cba548834927fef585784
DevNet: Client MD5: 19986caf956cba548834927fef585784
DevNet: Equal:      0
DevNet: Level server received: GAMECONFIG CONFIGFILE=PLAYERINTERFACE_COMMAND_MP.INI CONFIGMD5=b41eb8c0cdb8b16b04c6ff129322b8f3
DevNet: Test MD5 for Config file PLAYERINTERFACE_COMMAND_MP.INI - Count is 19
DevNet: Server MD5: b41eb8c0cdb8b16b04c6ff129322b8f3
DevNet: Client MD5: b41eb8c0cdb8b16b04c6ff129322b8f3
DevNet: Equal:      0
DevNet: Level server received: GAMECONFIG CONFIGFILE=VISUALEFFECTS.INI CONFIGMD5=97861aa00785dbcbf28eadce0352cdea
DevNet: Test MD5 for Config file VISUALEFFECTS.INI - Count is 20
DevNet: Server MD5: 97861aa00785dbcbf28eadce0352cdea
DevNet: Client MD5: 97861aa00785dbcbf28eadce0352cdea
DevNet: Equal:      0
DevNet: Level server received: GAMECONFIG CONFIGFILE=GUIBASE.INI CONFIGMD5=37d48af297535e289ffb858278472fef
DevNet: Test MD5 for Config file GUIBASE.INI - Count is 21
DevNet: Server MD5: 37d48af297535e289ffb858278472fef
DevNet: Client MD5: 37d48af297535e289ffb858278472fef
DevNet: Equal:      0
DevNet: Level server received: GAMECONFIG CONFIGFILE=CHARACTERTYPES.INI CONFIGMD5=5cae7c72f8c14854aa66011ead0f4fcf
DevNet: Test MD5 for Config file CHARACTERTYPES.INI - Count is 22
DevNet: Server MD5: 5cae7c72f8c14854aa66011ead0f4fcf
DevNet: Client MD5: 5cae7c72f8c14854aa66011ead0f4fcf
DevNet: Equal:      0
DevNet: Level server received: GAMECONFIG CONFIGFILE=IDLEACTIONSLIST.INI CONFIGMD5=1e4db369c637ab3e6ace430e936e581c
DevNet: Test MD5 for Config file IDLEACTIONSLIST.INI - Count is 23
DevNet: Server MD5: 1e4db369c637ab3e6ace430e936e581c
DevNet: Client MD5: 1e4db369c637ab3e6ace430e936e581c
DevNet: Equal:      0
DevNet: Level server received: GAMECONFIG CONFIGFILE=INITIALREACTIONSLIST.INI CONFIGMD5=96dffa0d543e7a12828d2db8cc22d62e
DevNet: Test MD5 for Config file INITIALREACTIONSLIST.INI - Count is 24
DevNet: Server MD5: 96dffa0d543e7a12828d2db8cc22d62e
DevNet: Client MD5: 96dffa0d543e7a12828d2db8cc22d62e
DevNet: Equal:      0
DevNet: Level server received: GAMECONFIG CONFIGFILE=COMMAND.INI CONFIGMD5=03861f97c54956f434138aaf652bd471
DevNet: Test MD5 for Config file COMMAND.INI - Count is 25
DevNet: Server MD5: 03861f97c54956f434138aaf652bd471
DevNet: Client MD5: 03861f97c54956f434138aaf652bd471
DevNet: Equal:      0
DevNet: Level server received: GAMECONFIG CONFIGFILE=ENEMYARCHETYPES.INI CONFIGMD5=a10fc37a614cc3f2b8015a459cca1b62
DevNet: Test MD5 for Config file ENEMYARCHETYPES.INI - Count is 26
DevNet: Server MD5: a10fc37a614cc3f2b8015a459cca1b62
DevNet: Client MD5: a10fc37a614cc3f2b8015a459cca1b62
DevNet: Equal:      0
DevNet: Level server received: GAMECONFIG CONFIGFILE=INANIMATEARCHETYPES.INI CONFIGMD5=ad56a599faa95349b2791d2a0ab38371
DevNet: Test MD5 for Config file INANIMATEARCHETYPES.INI - Count is 27
DevNet: Server MD5: ad56a599faa95349b2791d2a0ab38371
DevNet: Client MD5: ad56a599faa95349b2791d2a0ab38371
DevNet: Equal:      0
DevNet: Level server received: GAMECONFIG CONFIGFILE=HOSTAGEARCHETYPES.INI CONFIGMD5=98db1b44ac818a9e52dadd8700ce5ec3
DevNet: Test MD5 for Config file HOSTAGEARCHETYPES.INI - Count is 28
DevNet: Server MD5: 98db1b44ac818a9e52dadd8700ce5ec3
DevNet: Client MD5: 98db1b44ac818a9e52dadd8700ce5ec3
DevNet: Equal:      0
DevNet: Level server received: GAMECONFIG CONFIGFILE=COMMANDINTERFACEMENUS_SP.INI CONFIGMD5=0b5745aa5fae86fc74bce173da1798e1
DevNet: Test MD5 for Config file COMMANDINTERFACEMENUS_SP.INI - Count is 29
DevNet: Server MD5: 0b5745aa5fae86fc74bce173da1798e1
DevNet: Client MD5: 0b5745aa5fae86fc74bce173da1798e1
DevNet: Equal:      0
DevNet: Level server received: GAMECONFIG CONFIGFILE=COMMANDINTERFACEMENUS_MP.INI CONFIGMD5=a49972aa3f6b664c158eca1a7152c217
DevNet: Test MD5 for Config file COMMANDINTERFACEMENUS_MP.INI - Count is 30
DevNet: Server MD5: a49972aa3f6b664c158eca1a7152c217
DevNet: Client MD5: a49972aa3f6b664c158eca1a7152c217
DevNet: Equal:      0
DevNet: Level server received: GAMECONFIG CONFIGFILE=MPARCHETYPES.INI CONFIGMD5=f8bbc30c0bdf27d7d024f8fb8e0f04e6
DevNet: Test MD5 for Config file MPARCHETYPES.INI - Count is 31
DevNet: Server MD5: f8bbc30c0bdf27d7d024f8fb8e0f04e6
DevNet: Client MD5: f8bbc30c0bdf27d7d024f8fb8e0f04e6
DevNet: Equal:      0
DevNet: Level server received: JOIN
DevNet: Join request: Index.s4m?Name=OfficerMonki?Class=SwatGame.SwatPlayer?team=255
Log: SwatGamePlayerController0 got player TcpipConnection0
Log: Opening user log chatlog_2023_1_8.txt
DevNet: Join succeeded: OfficerMonki
VoiceChat: (t=177.959): AddVoiceChatter:SP-ConvenienceStore.SwatPlayerReplicationInfo0 OfficerMonki 0
VoiceChat: (t=177.959): SwatVoiceReplicationInfo0 AddVoiceChannel PRI:SP-ConvenienceStore.SwatPlayerReplicationInfo0
VoiceChat: (t=177.959): Adding member OfficerMonki (0) to OfficerMonki (0)
DevNet: Level server received: OPENVOICE 1
DevNet: OPENVOICE for PlayerID: 1 with codec: 1
Log: @@@ Creating VoiceChannel for client
Log: Opening user log chatlog_2023_1_8.txt
Warning: Failed to load 'NULL': Can't resolve package name
Warning: Failed to load 'Class None.': Can't resolve package name
Log: [Stats] Stat tracking is not activated.
Log: Opening user log chatlog_2023_1_8.txt
Log: setActionParameters: WARNING: parameter BoolProperty SwatAICommon.AimAroundGoal.CancelWhenCompliant doesn't exist in action AimAroundAction SP-ConvenienceStore.AimAroundAction9
Log: Opening user log chatlog_2023_1_8.txt
Log: Opening user log chatlog_2023_1_8.txt
Log: Opening user log chatlog_2023_1_8.txt
Log: Opening user log chatlog_2023_1_8.txt
Log: Opening user log chatlog_2023_1_8.txt
Log: Opening user log chatlog_2023_1_8.txt
Log: Opening user log chatlog_2023_1_8.txt
Log: Opening user log chatlog_2023_1_8.txt
Log: Opening user log chatlog_2023_1_8.txt
Log: Opening user log chatlog_2023_1_8.txt
Log: Opening user log chatlog_2023_1_8.txt
Log: Opening user log chatlog_2023_1_8.txt
Log: Opening user log chatlog_2023_1_8.txt
Log: Opening user log chatlog_2023_1_8.txt
Log: Opening user log chatlog_2023_1_8.txt
NetComeGo: Close TcpipConnection0 26.85.202.120:56015 01/08/23 22:04:27
Log: Opening user log chatlog_2023_1_8.txt
Log: Opening user log chatlog_2023_1_8.txt
VoiceChat: (t=434.739): RemoveVoiceChatter:SP-ConvenienceStore.SwatPlayerReplicationInfo0 OfficerMonki
Log: FServerQueryInterface::OnReceivedData(). Responding to ping.
Log: WLog::OnCommand ID_NotifyExit
Log: appRequestExit(0)
Exit: Preparing to exit.
Log: Purging garbage
Log: Unbound to Window.dll
Log: Unbound to Core.dll
Log: Unbound to Scripting.dll
Log: Unbound to Engine.dll
Log: Unbound to SwatAIAwareness.dll
Log: Unbound to AICommon.dll
Log: Unbound to ALAudio.dll
Log: Unbound to SwatGame.dll
Log: Unbound to RWOSupport.dll
Log: Unbound to Tyrion.dll
Log: Unbound to GUI.dll
Log: Unbound to SwatAICommon.dll
Log: Unbound to Editor.dll
Log: Unbound to ScriptCompiler.dll
Log: 442307.0ms Unloading: Package SwatGame
Log: 442308.0ms Unloading: Package Engine
Log: 442308.0ms Unloading: Package Core
Log: 442308.0ms Unloading: Package Engine_res
Log: 442308.0ms Unloading: Package SWAT4editorTex
Log: 442308.0ms Unloading: Package SwatGear_sm
Log: 442308.0ms Unloading: Package SwatGearTex
Log: 442309.0ms Unloading: Package SWAT1stPersonTex
Log: 442309.0ms Unloading: Package MP5A4_NEW
Log: 442309.0ms Unloading: Package SwatFXtex
Log: 442309.0ms Unloading: Package G36Knew
Log: 442309.0ms Unloading: Package bm4
Log: 442309.0ms Unloading: Package mich_helmet
Log: 442309.0ms Unloading: Package M870Breach
Log: 442309.0ms Unloading: Package BenelliNovanew
Log: 442309.0ms Unloading: Package Kimber
Log: 442309.0ms Unloading: Package M4A1_SFM500
Log: 442309.0ms Unloading: Package MaleGang1Tex
Log: 442309.0ms Unloading: Package UMPnew
Log: 442309.0ms Unloading: Package surefireM900
Log: 442309.0ms Unloading: Package FR_grenades
Log: 442309.0ms Unloading: Package 92fs
Log: 442309.0ms Unloading: Package Glock
Log: 442309.0ms Unloading: Package safariland
Log: 442309.0ms Unloading: Package motorola
Log: 442309.0ms Unloading: Package FP_Hand2
Log: Unbound to IGEffectsSystem.dll
Log: 442309.0ms Unloading: Package IGEffectsSystem
Log: 442309.0ms Unloading: Package SWAThands
Log: 442309.0ms Unloading: Package EditorSprites
Log: 442309.0ms Unloading: Package Hotel_sm
Log: 442309.0ms Unloading: Package Hotel
Log: 442309.0ms Unloading: Package MetalShaders
Log: 442309.0ms Unloading: Package Repo_Tex
Log: 442309.0ms Unloading: Package Arms_Tex
Log: 442309.0ms Unloading: Package Silence_Tex
Log: 442309.0ms Unloading: Package office_Tex
Log: 442309.0ms Unloading: Package DNA_tex
Log: 442309.0ms Unloading: Package VIP_Tex
Log: 442309.0ms Unloading: Package HotelFXtex
Log: 442309.0ms Unloading: Package barbershop_tex
Log: 442309.0ms Unloading: Package Editor_res
Log: 442309.0ms Unloading: Package HUD
Log: 442309.0ms Unloading: Package SwatAICommon
Log: 442309.0ms Unloading: Package Tyrion
Log: 442309.0ms Unloading: Package AICommon
Log: 442309.0ms Unloading: Package SwatAIAwareness
Log: 442310.0ms Unloading: Package GUI
Log: 442310.0ms Unloading: Package gui_tex
Log: 442310.0ms Unloading: Package Scripting
Log: Unbound to IGSoundEffectsSubsystem.dll
Log: 442310.0ms Unloading: Package IGSoundEffectsSubsystem
Log: 442310.0ms Unloading: Package IGEffectsSystem_EditorTextures
Log: Unbound to SwatEquipment.dll
Log: 442310.0ms Unloading: Package SwatEquipment
Log: 442310.0ms Unloading: Package SwatEquipmentModels2
Log: 442310.0ms Unloading: Package gear_sas
Log: 442310.0ms Unloading: Package GearTex_sas
Log: 442310.0ms Unloading: Package 1stPersonTex_sas
Log: 442310.0ms Unloading: Package FP_M16A1_tex
Log: 442310.0ms Unloading: Package gear_sef
Log: 442310.0ms Unloading: Package SwatArmory_Tex
Log: 442310.0ms Unloading: Package GearTex_sef
Log: 442310.0ms Unloading: Package SwatGear2Tex
Log: 442310.0ms Unloading: Package AimpointM2
Log: 442310.0ms Unloading: Package bp_3P_tex
Log: 442310.0ms Unloading: Package M16A2SFM500
Log: 442310.0ms Unloading: Package gear_suspects
Log: 442310.0ms Unloading: Package SwatGear2_sm
Log: 442310.0ms Unloading: Package druglab
Log: 442310.0ms Unloading: Package SwatFX2tex
Log: 442310.0ms Unloading: Package FP_mp5SMGsilenced
Log: 442310.0ms Unloading: Package Eotech552
Log: 442310.0ms Unloading: Package FP_SCARH07
Log: 442310.0ms Unloading: Package TP_G36Knew
Log: 442310.0ms Unloading: Package TP_UMPsmg_new
Log: 442310.0ms Unloading: Package FP_mp5SMG
Log: 442310.0ms Unloading: Package FP_9mmPistol
Log: 442310.0ms Unloading: Package SurefireP101
Log: 442310.0ms Unloading: Package SwatArmory_sm
Log: 442310.0ms Unloading: Package FP_coltHG
Log: 442310.0ms Unloading: Package Colt1911FL_ThirdPerson
Log: 442310.0ms Unloading: Package TP_browHPsd
Log: 442310.0ms Unloading: Package TP_browHP
Log: 442310.0ms Unloading: Package FP_browHPsd
Log: 442310.0ms Unloading: Package FP_browHP
Log: 442310.0ms Unloading: Package FP_AK47
Log: 442310.0ms Unloading: Package TP_rem870
Log: 442310.0ms Unloading: Package NovaPump_ThirdPerson
Log: 442310.0ms Unloading: Package FP_p226sd
Log: 442310.0ms Unloading: Package FP_NovaPumpShotgun
Log: 442310.0ms Unloading: Package FP_taser
Log: 442310.0ms Unloading: Package RWOSupport
Log: 442310.0ms Unloading: Package Gameplay
Log: 442310.0ms Unloading: Package FP_Revolver
Log: 442310.0ms Unloading: Package TP_p226sd
Log: 442310.0ms Unloading: Package FP_p226
Log: 442310.0ms Unloading: Package FP_csGasGrenade
Log: 442310.0ms Unloading: Package FP_C2detonator
Log: 442310.0ms Unloading: Package FP_UMPsmg
Log: 442310.0ms Unloading: Package FP_m4super90sg
Log: 442310.0ms Unloading: Package NineMMpistol_ThirdPerson
Log: 442310.0ms Unloading: Package FP_G36k
Log: 442310.0ms Unloading: Package FP_MP5Ktactical
Log: 442310.0ms Unloading: Package FP_UMPsmgsd
Log: 442310.0ms Unloading: Package field_dress_sm
Log: 442310.0ms Unloading: Package field_dress_texture
Log: 442310.0ms Unloading: Package FP_G36ks
Log: 442310.0ms Unloading: Package M4A1_SFM500_static
Log: 442310.0ms Unloading: Package M4A1_SFM500Aim
Log: 442310.0ms Unloading: Package TP_92fs
Log: 442310.0ms Unloading: Package FP_92fs
Log: 442310.0ms Unloading: Package m4a1_cqb_ThirdPerson
Log: 442310.0ms Unloading: Package TP_BM4
Log: 442310.0ms Unloading: Package TP_sg552Aim
Log: 442310.0ms Unloading: Package fp_fnp90
Log: 442310.0ms Unloading: Package p90sight
Log: 442310.0ms Unloading: Package SWAT1stPersonTex2
Log: 442310.0ms Unloading: Package TP_p226
Log: 442310.0ms Unloading: Package FP_M16A1
Log: 442310.0ms Unloading: Package FP_hk33
Log: 442311.0ms Unloading: Package FP_sg552Aimsd
Log: 442311.0ms Unloading: Package FP_hk33s
Log: 442311.0ms Unloading: Package FP_HK69
Log: 442311.0ms Unloading: Package FP_AR_15SD
Log: 442311.0ms Unloading: Package ColtAcc
Log: 442311.0ms Unloading: Package TP_coltAcc
Log: 442311.0ms Unloading: Package FP_M4A1_SFM500_sil
Log: 442311.0ms Unloading: Package FP_M4A1_CQB_Holo
Log: 442311.0ms Unloading: Package FP_M4A1_SFM500_Aim
Log: 442311.0ms Unloading: Package FP_BreachingSG
Log: 442311.0ms Unloading: Package BreachingSG_ThirdPerson
Log: 442311.0ms Unloading: Package fp_Stinger
Log: 442311.0ms Unloading: Package taserX2
Log: 442311.0ms Unloading: Package taserX2_static
Log: 442311.0ms Unloading: Package FP_mp5k
Log: 442311.0ms Unloading: Package FP_M4A1_CQB_silHolo
Log: 442311.0ms Unloading: Package FP_sg552
Log: 442311.0ms Unloading: Package FP_NineBangGrenade
Log: 442311.0ms Unloading: Package FP_M4A1_SFM500
Log: 442311.0ms Unloading: Package FP_stingGrenade
Log: 442311.0ms Unloading: Package FP_uzi
Log: 442311.0ms Unloading: Package FP_SAW
Log: 442311.0ms Unloading: Package 3rd_SAW
Log: 442311.0ms Unloading: Package Shield_model
Log: 442311.0ms Unloading: Package Shield_tex
Log: 442311.0ms Unloading: Package FP_flashbangGrenade
Log: 442311.0ms Unloading: Package FP_DoorWedge
Log: 442311.0ms Unloading: Package FP_Pepperspray
Log: 442311.0ms Unloading: Package FP_Optiwand
Log: 442311.0ms Unloading: Package scripted_tex
Log: 442311.0ms Unloading: Package Optiwand_ThirdPerson
Log: 442311.0ms Unloading: Package FP_glowstick
Log: 442311.0ms Unloading: Package FP_C2charge
Log: 442311.0ms Unloading: Package FP_Handcuffs
Log: 442311.0ms Unloading: Package Coronas
Log: 442311.0ms Unloading: Package FP_toolkit
Log: 442311.0ms Unloading: Package FP_Maglite
Log: 442311.0ms Unloading: Package maglite_texture
Log: 442311.0ms Unloading: Package maglite_static
Log: 442311.0ms Unloading: Package FP_paintball
Log: 442311.0ms Unloading: Package FP_M16A1sd
Log: 442311.0ms Unloading: Package FP_M4A1_SFM500_silAim
Log: 442311.0ms Unloading: Package FP_DesertEagleNew
Log: 442311.0ms Unloading: Package FP_arwen37
Log: 442311.0ms Unloading: Package FP_AKS74U
Log: 442311.0ms Unloading: Package FP_llrem870
Log: 442311.0ms Unloading: Package FP_m1super90
Log: 442311.0ms Unloading: Package FP_rem870
Log: 442311.0ms Unloading: Package FP_sg552Aim
Log: 442311.0ms Unloading: Package FP_mp5ksd
Log: 442311.0ms Unloading: Package FP_sg552sd
Log: 442311.0ms Unloading: Package fp_tec9
Log: 442311.0ms Unloading: Package FP_M16A2SFM500
Log: 442311.0ms Unloading: Package FP_mp5sd
Log: 442311.0ms Unloading: Package Spentmags_sm
Log: 442311.0ms Unloading: Package spentmag_texture
Log: 442311.0ms Unloading: Package gui_FR
Log: 442311.0ms Unloading: Package gui_sas
Log: 442311.0ms Unloading: Package gui_tex3
Log: 442311.0ms Unloading: Package gui_tex2
Log: 442311.0ms Unloading: Package SwatEquipmentModels3
Log: 442311.0ms Unloading: Package SwatEquipmentModels
Log: 442311.0ms Unloading: Package FP_M4A1mg
Log: 442311.0ms Unloading: Package FP_FragGrenade
Log: 442311.0ms Unloading: Package coltsmg_static
Log: 442311.0ms Unloading: Package ColtSMG
Log: 442311.0ms Unloading: Package FP_coltsmgsil
Log: 442311.0ms Unloading: Package FP_coltsmg
Log: 442311.0ms Unloading: Package SwatProgrammerSampleClasses
Log: 442311.0ms Unloading: Package DeadPeople_sm
Log: 442311.0ms Unloading: Package FemaleNurseTex
Log: 442311.0ms Unloading: Package MaleDoctorTex
Log: 442311.0ms Unloading: Package SWATbadguyTex
Log: 442311.0ms Unloading: Package SWATofficerTex
Log: 442311.0ms Unloading: Package MaleCasual2Tex
Log: 442311.0ms Unloading: Package Paradise_sm
Log: 442311.0ms Unloading: Package Paradise_Tex
Log: 442311.0ms Unloading: Package Tenement_Tex
Log: 442311.0ms Unloading: Package train
Log: 442311.0ms Unloading: Package Bar_Tex
Log: 442311.0ms Unloading: Package Doors_sm
Log: 442311.0ms Unloading: Package doors_Tex
Log: 442311.0ms Unloading: Package bullseye_Tex
Log: 442311.0ms Unloading: Package Hosp
Log: 442311.0ms Unloading: Package RedLibrary_Tex
Log: 442311.0ms Unloading: Package Jewel_Tex
Log: 442311.0ms Unloading: Package doors_knobs
Log: 442311.0ms Unloading: Package Power_Tex
Log: 442311.0ms Unloading: Package SWATmeshFX_sm
Log: 442311.0ms Unloading: Package Con_Tex
Log: 442311.0ms Unloading: Package SW_FR
Log: 442311.0ms Unloading: Package TaserWire
Log: 442311.0ms Unloading: Package swatmeshfx2_sm
Log: 442311.0ms Unloading: Package SwatDesignerClasses
Log: 442311.0ms Unloading: Package Bar_sm
Log: 442311.0ms Unloading: Package Junk_Tex
Log: 442311.0ms Unloading: Package Outdoors_Tex
Log: 442311.0ms Unloading: Package Con_sm
Log: 442311.0ms Unloading: Package mac_Tex
Log: 442311.0ms Unloading: Package Tenement_sm
Log: 442312.0ms Unloading: Package Silence_sm
Log: 442312.0ms Unloading: Package off_sm
Log: 442312.0ms Unloading: Package Repo_sm
Log: 442312.0ms Unloading: Package LocalizedTextures
Log: 442312.0ms Unloading: Package Barbershop_sm
Log: 442312.0ms Unloading: Package Furniture_Tex
Log: 442312.0ms Unloading: Package dna_sm
Log: 442312.0ms Unloading: Package amc_Tex
Log: 442312.0ms Unloading: Package VIP_sm
Log: 442312.0ms Unloading: Package Cars
Log: 442312.0ms Unloading: Package Hosp_sm
Log: 442312.0ms Unloading: Package mac_sm
Log: 442312.0ms Unloading: Package Power_sm
Log: 442312.0ms Unloading: Package Jewel_sm
Log: 442312.0ms Unloading: Package arms_sm
Log: 442312.0ms Unloading: Package Redlibrary_sm
Log: 442312.0ms Unloading: Package train_sm
Log: 442312.0ms Unloading: Package Utility_Tex
Log: 442312.0ms Unloading: Package Druglab_sm
Log: 442312.0ms Unloading: Package utility_sm
Log: 442312.0ms Unloading: Package bullseye_sm
Log: 442312.0ms Unloading: Package Junk_sm
Log: 442312.0ms Unloading: Package Cars_sm
Log: 442312.0ms Unloading: Package MaleJanitorTextureSet
Log: 442312.0ms Unloading: Package SWATMaleAnimation
Log: 442312.0ms Unloading: Package LeoMelTextureSet
Log: 442312.0ms Unloading: Package MaleSuitTex
Log: 442312.0ms Unloading: Package MaleCasual3Tex
Log: 442312.0ms Unloading: Package CultLeaderTextureSet
Log: 442312.0ms Unloading: Package MaleBarberTex
Log: 442312.0ms Unloading: Package SWATheavyTex
Log: 442312.0ms Unloading: Package MaleChubbyTex
Log: 442312.0ms Unloading: Package MaleCasual4Tex
Log: 442312.0ms Unloading: Package SWATinstructorTex
Log: 442312.0ms Unloading: Package MaleCasual1Tex
Log: 442312.0ms Unloading: Package MaleCasualArmorTex
Log: 442312.0ms Unloading: Package wall_sm
Log: 442312.0ms Unloading: Package wall_Tex
Log: 442312.0ms Unloading: Package MPbomb
Log: 442312.0ms Unloading: Package TrainingAnimatedMeshes
Log: 442312.0ms Unloading: Package Voting
Log: 442312.0ms Unloading: Package SwatProcedures
Log: Unbound to IpDrv.dll
Log: 442312.0ms Unloading: Package IpDrv
Log: 442312.0ms Unloading: Package mp_OfficerTex
Log: 442312.0ms Unloading: Package SwatProtectiveEquipment
Log: 442312.0ms Unloading: Package SWATMaleAnimation2
Log: 442312.0ms Unloading: Package maleMafiaTex
Log: 442312.0ms Unloading: Package maleHomelessTex
Log: 442312.0ms Unloading: Package CASMtex
Log: 442312.0ms Unloading: Package SWATnoArmourTex
Log: 442312.0ms Unloading: Package SWATcivilianGear_sm
Log: 442312.0ms Unloading: Package FemaleCasual2Tex
Log: 442312.0ms Unloading: Package FemaleOfficeTex
Log: 442312.0ms Unloading: Package FemaleHeavyTex
Log: 442312.0ms Unloading: Package SwatAmmo
Log: 442312.0ms Unloading: Package SwatSimpleEquipment
Log: 442312.0ms Unloading: Package CameraEffectsTex
Log: 442312.0ms Unloading: Package SwatProtectiveEquipment2
Log: 442312.0ms Unloading: Package Suspect1_officerTex
Log: 442312.0ms Unloading: Package ProgrammerTestObjectsTex
Log: 442312.0ms Unloading: Package UWindow_res
Log: 442312.0ms Unloading: Package CoopArrow
Log: 442312.0ms Unloading: Package SWATDoubleDoorAnimations
Log: 442312.0ms Unloading: Package SWATDoorAnimation
Exit: Game engine shut down
Log: Unbound to IGVisualEffectsSubsystem.dll
Log: 442313.0ms Unloading: Package IGVisualEffectsSubsystem
Log: 442315.0ms Unloading: Package Editor
Log: 442315.0ms Unloading: Package Packages
Log: 442315.0ms Unloading: Package FemaleAnimation2
Log: MasterServerUplink::Destroy().
Log: 442316.0ms Unloading: Package warehouse_tex
Log: 442316.0ms Unloading: Package warehouse_sm
Log: 442316.0ms Unloading: Package halfway_tex
Log: 442316.0ms Unloading: Package halfwayhouse_sm
Log: 442316.0ms Unloading: Package SwatDesignerClasses2
Log: 442316.0ms Unloading: Package FemaleCasual3Tex
Log: 442316.0ms Unloading: Package FemaleCasual1Tex
Log: 442316.0ms Unloading: Package FemaleAnimation
Log: 442316.0ms Unloading: Package SW_Weapons
Log: 442316.0ms Unloading: Package SW_VO
Log: 442316.0ms Unloading: Package SW_Meta
Log: 442316.0ms Unloading: Package SW_Hits
Log: 442316.0ms Unloading: Package SW_Feet
Log: 442316.0ms Unloading: Package SW_Bullets
Log: 442316.0ms Unloading: Package SW_Ambients
Log: 442316.0ms Unloading: Package SW_Bounce
Log: 442316.0ms Unloading: Package SW_Objects
Log: 442316.0ms Unloading: Package SwatCameraEffects2
Log: 442316.0ms Unloading: Package SwatCameraEffects
Log: 442316.0ms Unloading: Package SwatProjectile
Log: 442316.0ms Unloading: Package SwatAmmo2
Log: 442316.0ms Unloading: Package SwatGui
Log: 442316.0ms Unloading: Package SwatObjectives
Log: 442316.0ms Unloading: Package SwatEd
Exit: Socket shut down
Log: (Havok): Destroying static world for level.
Log: 442324.0ms Unloading: Package SwatEffects
Log: Unbound to SwatGui.dll
Log: 442324.0ms Unloading: Package PerimeterAnimatedMeshes
Log: 442324.0ms Unloading: Package SP-ConvenienceStore
Log: 442324.0ms Unloading: Package mass_classes
Log: 442324.0ms Unloading: Package mass_objects
Log: 442324.0ms Unloading: Package mass_textures
Log: 442324.0ms Unloading: Package Outdoors_sm
Log: 442324.0ms Unloading: Package AnimatedDecorMeshes
Log: 442324.0ms Unloading: Package HotelAnimatedMeshes
Log: 442324.0ms Unloading: Package TreeLeaves
Log: 442324.0ms Unloading: Package JewelryAnimatedMeshes
Log: 442324.0ms Unloading: Package SilenceShrub
Log: 442324.0ms Unloading: Package VIPanimatedMeshes
Log: 442324.0ms Unloading: Package REPOhelicopter
Log: 442324.0ms Unloading: Package ArmsShrub
Log: 442324.0ms Unloading: Package RedLibraryAnimatedMeshes
Log: 442324.0ms Unloading: Package BarPullBarber
Log: 442324.0ms Unloading: Package AbombStageLights
Log: 442324.0ms Unloading: Package bath_sm
Log: 442324.0ms Unloading: Package bath_Tex
Log: 442324.0ms Unloading: Package Furniture_Sm
Log: 442328.0ms Unloading: Package SoundEffectsConfig
Log: 442329.0ms Unloading: Package SWEXP_ambience
Log: 442329.0ms Unloading: Package SWEXP_weapons
Log: 442329.0ms Unloading: Package SWSAS_weapons
Log: 442329.0ms Unloading: Package SWsef_weapons
Log: 442332.0ms Unloading: Package Taiwan_OfficerTex
Log: 442332.0ms Unloading: Package DesertCamoATF_Tex
Log: 442332.0ms Unloading: Package DesertATF
Log: (Havok): Notifiing dependant DLLs of Havok shutdown..
Log: (Havok): Shutting down base system.
Log: Garbage: objects: 89103->0; refs: 979073
Exit: Object subsystem successfully closed.
Exit: Exiting.
Log: Waiting for file streaming thread to finish...
Uninitialized: Name subsystem shut down
Uninitialized: Memory Allocation Status
Uninitialized: Curr Memory  0.254M /  10.867M
Uninitialized: Peak Memory  355.929M /  376.996M
Uninitialized: Allocs        2171 Current /  5967951 Total
Uninitialized: Log file closed, 01/08/23 22:04:35
