Log: Log file open, 02/18/23 08:49:42
Init: ----------------------------------------
Init: SWAT VERSION NUMBER: 0.67
Init: ----------------------------------------
Init: Compiled: Nov 22 2005 12:00:47
Init: Command line: -s
Init: Base directory: E:\GOG Games\SWAT 4\ContentExpansion\System\
Init: Character set: Unicode
Init: Found startup configuration: StartupUCC.ini
Init: Adding FilePath: ..\Source\Game\System;..\Source\Unreal\System;..\Content;..\Content\System;..\..\Content;..\..\Content\Classes;..\..\ContentExpansion;..\..\ContentExpansion\System;..\..\ContentExpansion\Classes;
Log: Bound to Core.dll
Init: Object subsystem initialized
Init: Computer: PCCASA
Init: User: admin
Init: CPU Page size=4096, Processors=4
Init: CPU Detected: PentiumPro-class processor (GenuineIntel)
Init: CPU Features: CMov FPU RDTSC PAE MMX SSE
Init: CPU Speed=3512.228515 MHz
Init: Memory total: Phys=2097151K Pagef=4194303K Virt=2097024K
Init: Working set: 32000 / 159000
Log: Bound to Engine.dll
Log: Bound to SwatEquipment.dll
Log: Bound to SwatGame.dll
Log: Bound to RWOSupport.dll
Log: Bound to Tyrion.dll
Log: Bound to GUI.dll
Log: Bound to SwatAICommon.dll
Log: Bound to AICommon.dll
Log: Bound to SwatAIAwareness.dll
Log: Bound to Window.dll
Log: Bound to Scripting.dll
Log: Bound to Editor.dll
Log: Bound to ALAudio.dll
Log: Bound to ScriptCompiler.dll
Log: Bound to IGSoundEffectsSubsystem.dll
Log: Bound to IGEffectsSystem.dll
Log: Bound to IpDrv.dll
Warning: Missing SkeletalMesh SkeletalMesh fp_deserteagle.fp_deserteagle
Log: Executing Class Engine.MasterMD5Commandlet
Log: ==================================================
Log:  MD5 Database Management
Log: ==================================================
Log:  
Log: Loading existing MD5 information...
Log:  
Log: GUID: 3EB993A94E6F28DEA55EB18D2B885353 [rl=0]
Log:     id 0: 3752131e65cc6b9d32c3691d4a5938eb
Log: GUID: B093D31248DD406F062A02ACC85A5763 [rl=0]
Log:     id 0: 94fcd411b4e8cc1ae6f9d0d8209f512d
Log: GUID: 2E96DFFA4485C68E7784648996E5346C [rl=0]
Log:     id 0: f5de88278a6733138809811466963100
Log: GUID: DD7E956E46186602C323A68751714CC6 [rl=0]
Log:     id 0: f2f7ed16753b766394f134ada33d6a7f
Log: GUID: C106460144E3AE061E899884ADDC702C [rl=0]
Log:     id 0: c9f1989924c8491c7405f2f479dbd5bf
Log: GUID: 87A2714C4199817A7A512193691F7070 [rl=0]
Log:     id 0: 81c63cd25f67513892396e32cd1c0f34
Log: GUID: 2B690A4F4782FCF9D51443BF738C8561 [rl=0]
Log:     id 0: 6f1420d17d18f0694f35f46456a7483c
Log: GUID: 31021F644B38881C5C6951B0EE47200B [rl=0]
Log:     id 0: dd34ce54912dd347e054a6aecb75adf7
Log: GUID: B69DC5CC40E7774262097BA40D360DFE [rl=0]
Log:     id 0: b68fa37453b74a9c346f6c6dad1e6bc9
Log: GUID: E393DCB0436B6E19F8F659A0982594AD [rl=0]
Log:     id 0: 71b99f46c3ee3513874ce01bba6faf89
Log: GUID: 264E0A2449AD169A8A78D59AF4E5B192 [rl=0]
Log:     id 0: b5932e9a5c38271bd2d240782edb9cbb
Log: GUID: 7C44BF844DF3FDF8197FFC96244FE57E [rl=0]
Log:     id 0: 5d0dead70403edfa027078eb78f58a59
Log: GUID: AE7034224655AE03D6F8D8B988900EE4 [rl=0]
Log:     id 0: 4534f4597cc3cbb79de2c2800aa572e0
Log: GUID: 208D36E3490B3949F3ECF382E16EF133 [rl=0]
Log:     id 0: 8c731782a9726108800236e75023f357
Log: GUID: D7FF579848A4B8F5832139BA012A69E9 [rl=0]
Log:     id 0: 100085cec5687f667a28caef30862fc3
Log: GUID: FB5BC13B43A84DA53E5E7FB8180D291D [rl=0]
Log:     id 0: 58f7d5757496d068dc889fc6c6f3c82c
Log: GUID: C3AE72F141D896B39C2933ACCB829FBD [rl=0]
Log:     id 0: c8ce1f77e2e8c6ee08b872bbf0b41095
Log: GUID: 8A4F45114C46E2B01EE9ACB3DB57B70F [rl=0]
Log:     id 0: 5d1e1973fbe2d4acb21cd1a5085a2f1d
Log: GUID: BCE576774ABAE32797515797D49BC73E [rl=0]
Log:     id 0: 8710e03c6359ae77239d6755647979fb
Log: GUID: CB75981B44946D092D7127B00BA14753 [rl=0]
Log:     id 0: 16eda33a7268e7018d7ce7b3e2709cb5
Log: GUID: CB40DB2A40792FC95F475FA12A43D599 [rl=0]
Log:     id 0: 45d77df8def22d387bab0d309ac76b34
Log: GUID: 93BD96E84DD79408F9F6BC985D5ABC6C [rl=0]
Log:     id 0: dd23093f1bbc8a349ebe70c1e2e1c7e1
Log: GUID: 87EB5ADB45BAB40BE5709D952E997D65 [rl=0]
Log:     id 0: 0729e7387e60e86191e43bfb1789d460
Log: GUID: 5CD4528D41BA74B26B8B99883EF1D086 [rl=0]
Log:     id 0: faaa6fdd7ece831c2f8bc0be88f5e60f
Log: GUID: C1394A524E0701CC34CE15A238657E1A [rl=0]
Log:     id 0: a95764ca28ce3fa10d7774ee6f74fe9e
Log: GUID: D48225734B6A2484B9E71CA45B191C86 [rl=0]
Log:     id 0: 3cab812b8f6d73eb68958f422221edfc
Log: GUID: 4F3615254A3C6204AF113D90E0C29D1E [rl=0]
Log:     id 0: 5e7ad71ff59306ce55aed22b06c52436
Log: GUID: E659690A49ADDC9AE083EC8D8517E426 [rl=0]
Log:     id 0: bbb940db6c8c0582f83451ee73f88b41
Log: GUID: 0535AB8746950C7540D4219A187E34EA [rl=0]
Log:     id 0: 2e4c5f325ec906e522f20ba08f66ee16
Log: GUID: 8987233747DA2EF80794888234DD4A9D [rl=0]
Log:     id 0: 62f2c628a9e3b3735b93be92a953041e
Log: GUID: 47D89489435BB3226A0933A029BD0B86 [rl=0]
Log:     id 0: 3c97e6196e66e6c2d1814bc9e1146226
Log: GUID: 0A7826844937244C5EC05A8C1F68BA13 [rl=0]
Log:     id 0: a5ed991766fa678bc6cba3d2822f87ae
Log: GUID: 5D9687F94D585F8D2F3ED5BD6C1A6EFB [rl=0]
Log:     id 0: a1a6207b377d0ff86399dd49ad9a3e82
Log: GUID: DB0EFA5543122D15CB32DE995CF1E736 [rl=0]
Log:     id 0: 9aa618de1f153811007cac89bf00889b
Log: GUID: 71F0C80442593711BB41599F6952CE50 [rl=0]
Log:     id 0: 1fe6ea6e582ebac964e74708e2400b49
Log: GUID: B20FEC7344313845A5C708BCE541542A [rl=0]
Log:     id 0: 1446b0265010f6296b4bcf75376c0f85
Log: GUID: 4B6816984AA82B0F19D88ABBE3563F94 [rl=0]
Log:     id 0: 7cd8e8d09bc2e6b0e57de7c6bb26c198
Log: GUID: 4DF4844843D030A512DDE5B483B889FB [rl=0]
Log:     id 0: b04a390e78707e6b63a6422c6be91704
Log: GUID: B7EC94F04804939ABADECA9E4A7079FA [rl=0]
Log:     id 0: 8174694a574f988d42a299c28a50ec3e
Log: GUID: 832C59C843E4A61132FD3FABC3F98C27 [rl=0]
Log:     id 0: 3349f8a21af2667aaaa8dd1a3fd509b2
Log: GUID: 688D634646007FA6E81B84930B17FE10 [rl=0]
Log:     id 0: 08037313b1a735e5260df3737981aa09
Log: GUID: 0C56B2114113FC8775FBF48641B970DE [rl=0]
Log:     id 0: dd78623cbe45d23ef92e40bfc5794dfc
Log: GUID: D43C01D24A1CD6B5972683BC671F83DC [rl=0]
Log:     id 0: 4d806c682863891f6403072b7fec0d9f
Log: GUID: 3B33EED5488F0965021459A7CD0DE359 [rl=0]
Log:     id 0: dfdf9ef3a7575a8fa91c85e2c43763fa
Log: GUID: 6419DBBE4E570840CC2572A361845F12 [rl=0]
Log:     id 0: bf30b24b35f2e6b705455b7f020048d8
Log: GUID: 97F59F61401F1B9EB469D3911569619C [rl=0]
Log:     id 0: 4332c4b1eb6a11b51ab2250c5135fb6c
Log: GUID: 5198B6D94129C74B5448069A48F3D26D [rl=0]
Log:     id 0: cc326a167d023382916d51eb3a6f9fcf
Log: GUID: 08DF72F640F8CA6AE22E6DB7861C4803 [rl=0]
Log:     id 0: 047ce0bab82dd98cad95c731c8b65f6d
Log: GUID: 85666A5E495196E22D90B1A066E0B525 [rl=0]
Log:     id 0: 89d2000247eb1308a8f74e596e33979a
Log: GUID: 2869BA6F425CEADB3C884087F580A334 [rl=0]
Log:     id 0: 06fa5cbf755aea5704d424de77449da0
Log: GUID: 9935EA54463E697783A527AAF301E698 [rl=0]
Log:     id 0: 454c2f0a2662c69af38617c5703aae0c
Log: GUID: 8932302F4358A2EFAA967E81F0E3F489 [rl=0]
Log:     id 0: 82c53b706a4af07fa995d543ed464f2a
Log: GUID: 81E6631243F709C6417F5CA74A493AE7 [rl=0]
Log:     id 0: 634188c7268103214eb95029f7f564e5
Log: GUID: CFFB8FD7441A2DD2A87EDDA6E37A46A9 [rl=0]
Log:     id 0: 7efcdad15a0f7fb3350ceb129f22a262
Log: GUID: C77989434163D4A53C12708051352DE8 [rl=0]
Log:     id 0: 48c2ff1b80b19b9d9a8d5f303c990d0b
Log: GUID: 902E406840BF0206D1FA32B2DFCCD399 [rl=0]
Log:     id 0: d8a3da5429e23bb6a26d10a539e8ba88
Log: GUID: 0C9771CF4180BBFB45C751B36F660341 [rl=0]
Log:     id 0: 7767437172c430c7600fd9937273a732
Log: GUID: BC3F2FBA481EBFD8C0CA8CB5AEAC23A4 [rl=0]
Log:     id 0: f00950c36bb44fb8cde6ce6f6f3ab5ed
Log: GUID: 0791A39144E0D62AA858F6A446C29167 [rl=0]
Log:     id 0: 312345124fdb7fd7bc0cabf5043e761a
Log: GUID: D5A74E5C4F6141B73083B08A564260F5 [rl=0]
Log:     id 0: 7bafc4d93a4c8b27836c66b40386b7ac
Log: GUID: 6367224944334ACCDD74BBBE235C169C [rl=0]
Log:     id 0: 05b6abfec5b4a6f6e9cb1cec5a184b4f
Log: GUID: 6F623205412B74297E5965B14D9A9EB2 [rl=0]
Log:     id 0: a2dc0558f4f9c812f50831b78f87d073
Log: GUID: 80F0C56647EB4F883BC837BD7858805F [rl=0]
Log:     id 0: 1af0dfa9f49710bd8f2b0b243ed539ae
Log: GUID: CFDDF2D04C319053EA850781902920B1 [rl=0]
Log:     id 0: ef2e33e31253d0853bd6a7349a4bf54f
Log: GUID: 3ECA67054A65021F806B788F6097006E [rl=0]
Log:     id 0: 565734230c47536721de90cfcda88d80
Log: GUID: EDF493604D96BD49C1316AABAC18A2CC [rl=0]
Log:     id 0: e9d93436b0dc8d9f1659eb2ac5568451
Log: GUID: B513B3184A64CA3D99432EB58AF4D772 [rl=0]
Log:     id 0: 74cde2e8ae49e90bc687316474475f8b
Log: GUID: 957905FA46AE79CD4E6D8EBF83A6A4A0 [rl=0]
Log:     id 0: 359a3987a532af2ed000aaf3cf8662f6
Log: GUID: 2D74758B46AD6D4E0BBBE5B56695633F [rl=0]
Log:     id 0: 0dfc89a03fb4fcb23d8d912fb93799d1
Log: GUID: F93C3CFF4895DF8158F6A6A8E650A6B3 [rl=0]
Log:     id 0: 5be208a374b54bcc7b1121c99794899a
Log: GUID: 90CBC29545742E0E352E3B8C7FC1C46C [rl=0]
Log:     id 0: ca7d33cd7a73fa07b0d281bbd0390ec0
Log: GUID: 20BE934F45F6E0FFFF3E68961F0C0A9D [rl=0]
Log:     id 0: f1bd20f30af40849a1846a7ef465f88f
Log: GUID: B1B11B7F48D537602538338EEA246424 [rl=0]
Log:     id 0: 2d3601c35176c6dc3bd80ae69b6aec15
Log: GUID: E79DA6A2438DD8B045A3D49A53168BA9 [rl=0]
Log:     id 0: ca83226ba0e743d48ebee6c653962d68
Log: GUID: DB60F1D94D6AB2F1AE4A21958D4B453C [rl=0]
Log:     id 0: 8cb8f9ac44d48dfbc7e701124799c90b
Log: GUID: DD202BCC4AF93875102F06B6115814B8 [rl=0]
Log:     id 0: bd8760cddc9bb6ec0ef1536fb36c8a5f
Log: GUID: A0F2ED4F42BA959A9DEF18883C385559 [rl=0]
Log:     id 0: 6c5086d706dc97a9247609cca00aabcf
Log: GUID: B4773F9A4C1A765DB6B667886DBEE797 [rl=0]
Log:     id 0: 16e38791803df353121967deb2d8f4a3
Log: GUID: 321C619A4441265753972C97947BE8D6 [rl=0]
Log:     id 0: b0a12ed890c6cfa1eac2de95c5afcc36
Log: GUID: C8A256D442AF5861C35FE5BEC70B6A37 [rl=0]
Log:     id 0: 3f650a112a165caa311834fb43e701bf
Log: GUID: 2C75397B4A4B4B6F48ABBC9943561187 [rl=0]
Log:     id 0: 86b0ed268f67c7f43019ccf534644815
Log: GUID: 76B432A24F22275A7DA4BE9BF273B1E3 [rl=0]
Log:     id 0: 3b89fda165bb3befca698f1d1d18e813
Log: GUID: 597C1FC24106893F5C335B93EDA2E989 [rl=0]
Log:     id 0: fe65a2a407d2212cc4e302bcf197a0ec
Log: GUID: F218B3B9433BD49D31D29696D86E65F4 [rl=0]
Log:     id 0: f53947b8c29fbe06198505aa4f0dc155
Log: GUID: 20B9E7B945AA42226544EEA537154979 [rl=0]
Log:     id 0: 7fdc3015c175dbbe02c897bd09827f52
Log: GUID: 2CF56AB445745A66F740969F21F8F8A9 [rl=0]
Log:     id 0: 08de925c27cfc26afe90f05903ae4061
Log: GUID: 866CE227475955400F2DE78C01D09E9D [rl=0]
Log:     id 0: f6dc5f4362de7da37cb0707a131059ba
Log: ==================================================
Log:  No of Packages in database: 87
Log:  Highest Revision Level    : 0
Log: ==================================================
Log: Success - 0 error(s), 0 warning(s)
Exit: Preparing to exit.
Log: Purging garbage
Log: Unbound to Core.dll
Log: Unbound to Engine.dll
Log: 0.0ms Unloading: Package Engine
Log: 0.0ms Unloading: Package Core
Log: 0.0ms Unloading: Package Engine_res
Log: 0.0ms Unloading: Package SWAT4editorTex
Log: 0.0ms Unloading: Package SwatEquipmentModels2
Log: 0.0ms Unloading: Package SwatGear_sm
Log: 0.0ms Unloading: Package SwatGearTex
Log: 0.0ms Unloading: Package SWAT1stPersonTex
Log: 0.0ms Unloading: Package MP5A4_NEW
Log: 0.0ms Unloading: Package SwatFXtex
Log: 0.0ms Unloading: Package G36Knew
Log: 0.0ms Unloading: Package bm4
Log: 0.0ms Unloading: Package mich_helmet
Log: 0.0ms Unloading: Package M870Breach
Log: 0.0ms Unloading: Package BenelliNovanew
Log: 0.0ms Unloading: Package Kimber
Log: 0.0ms Unloading: Package M4A1_SFM500
Log: 0.0ms Unloading: Package MaleGang1Tex
Log: 0.0ms Unloading: Package UMPnew
Log: 0.0ms Unloading: Package surefireM900
Log: 0.0ms Unloading: Package FR_grenades
Log: 0.0ms Unloading: Package 92fs
Log: 0.0ms Unloading: Package Glock
Log: 0.0ms Unloading: Package safariland
Log: 0.0ms Unloading: Package motorola
Log: Unbound to SwatEquipment.dll
Log: 0.0ms Unloading: Package SwatEquipment
Log: Unbound to SwatGame.dll
Log: Unbound to RWOSupport.dll
Log: Unbound to Tyrion.dll
Log: Unbound to GUI.dll
Log: Unbound to SwatAICommon.dll
Log: Unbound to AICommon.dll
Log: Unbound to SwatAIAwareness.dll
Log: Unbound to Window.dll
Log: Unbound to Scripting.dll
Log: Unbound to Editor.dll
Log: Unbound to ALAudio.dll
Log: Unbound to ScriptCompiler.dll
Log: 0.0ms Unloading: Package SwatGame
Log: 1.0ms Unloading: Package SwatAICommon
Log: 1.0ms Unloading: Package Tyrion
Log: 1.0ms Unloading: Package AICommon
Log: 1.0ms Unloading: Package SwatAIAwareness
Log: 1.0ms Unloading: Package GUI
Log: 1.0ms Unloading: Package gui_tex
Log: 1.0ms Unloading: Package Scripting
Log: 1.0ms Unloading: Package EditorSprites
Log: 1.0ms Unloading: Package Voting
Log: Unbound to IGSoundEffectsSubsystem.dll
Log: Unbound to IGEffectsSystem.dll
Log: 1.0ms Unloading: Package IGSoundEffectsSubsystem
Log: 1.0ms Unloading: Package IGEffectsSystem
Log: 1.0ms Unloading: Package IGEffectsSystem_EditorTextures
Log: 1.0ms Unloading: Package RWOSupport
Log: 1.0ms Unloading: Package Gameplay
Log: Unbound to IpDrv.dll
Log: 1.0ms Unloading: Package IpDrv
Log: 1.0ms Unloading: Package mp_OfficerTex
Log: 1.0ms Unloading: Package HUD
Log: 1.0ms Unloading: Package Doors_sm
Log: 1.0ms Unloading: Package doors_Tex
Log: 1.0ms Unloading: Package MetalShaders
Log: 1.0ms Unloading: Package Repo_Tex
Log: 1.0ms Unloading: Package Paradise_Tex
Log: 1.0ms Unloading: Package Tenement_Tex
Log: 1.0ms Unloading: Package train
Log: 1.0ms Unloading: Package DNA_tex
Log: 1.0ms Unloading: Package VIP_Tex
Log: 1.0ms Unloading: Package bullseye_Tex
Log: 1.0ms Unloading: Package Bar_Tex
Log: 1.0ms Unloading: Package Hosp
Log: 1.0ms Unloading: Package RedLibrary_Tex
Log: 1.0ms Unloading: Package Jewel_Tex
Log: 1.0ms Unloading: Package doors_knobs
Log: 1.0ms Unloading: Package Hotel
Log: 1.0ms Unloading: Package Arms_Tex
Log: 1.0ms Unloading: Package Silence_Tex
Log: 1.0ms Unloading: Package office_Tex
Log: 1.0ms Unloading: Package Power_Tex
Log: 1.0ms Unloading: Package barbershop_tex
Log: 1.0ms Unloading: Package SWATMaleAnimation2
Log: 1.0ms Unloading: Package SWATofficerTex
Log: 1.0ms Unloading: Package maleMafiaTex
Log: 1.0ms Unloading: Package maleHomelessTex
Log: 1.0ms Unloading: Package MaleSuitTex
Log: 1.0ms Unloading: Package LeoMelTextureSet
Log: 1.0ms Unloading: Package MaleCasual3Tex
Log: 1.0ms Unloading: Package SWATinstructorTex
Log: 1.0ms Unloading: Package MaleCasual2Tex
Log: 1.0ms Unloading: Package CASMtex
Log: 1.0ms Unloading: Package MaleBarberTex
Log: 1.0ms Unloading: Package SWATheavyTex
Log: 1.0ms Unloading: Package MaleJanitorTextureSet
Log: 1.0ms Unloading: Package MaleCasual4Tex
Log: 1.0ms Unloading: Package MaleChubbyTex
Log: 1.0ms Unloading: Package SWATLVL2Tex
Log: 1.0ms Unloading: Package SWATMaleAnimation
Log: 1.0ms Unloading: Package CultLeaderTextureSet
Log: 1.0ms Unloading: Package MaleDoctorTex
Log: 1.0ms Unloading: Package MaleCasual1Tex
Log: 1.0ms Unloading: Package MaleCasualArmorTex
Log: 1.0ms Unloading: Package SWATnoArmourTex
Log: 1.0ms Unloading: Package CameraEffectsTex
Log: 1.0ms Unloading: Package ProgrammerTestObjectsTex
Log: 1.0ms Unloading: Package arms_sm
Log: 1.0ms Unloading: Package Outdoors_Tex
Log: 1.0ms Unloading: Package Editor_res
Log: 1.0ms Unloading: Package UWindow_res
Log: 1.0ms Unloading: Package SwatGear2_sm
Log: 1.0ms Unloading: Package SwatGear2Tex
Log: 1.0ms Unloading: Package druglab
Log: 1.0ms Unloading: Package SwatFX2tex
Log: 1.0ms Unloading: Package CoopArrow
Log: 1.0ms Unloading: Package gui_tex2
Log: 1.0ms Unloading: Package SWATDoubleDoorAnimations
Log: 1.0ms Unloading: Package Shield_model
Log: 1.0ms Unloading: Package Shield_tex
Log: 1.0ms Unloading: Package SWATDoorAnimation
Log: 1.0ms Unloading: Package Spentmags_sm
Log: 1.0ms Unloading: Package spentmag_texture
Log: 1.0ms Unloading: Package gui_FR
Log: 1.0ms Unloading: Package gui_sas
Log: 1.0ms Unloading: Package gui_tex3
Log: 1.0ms Unloading: Package gear_sef
Log: 1.0ms Unloading: Package SwatArmory_Tex
Log: 1.0ms Unloading: Package GearTex_sef
Log: 1.0ms Unloading: Package GearTex_sas
Log: 1.0ms Unloading: Package AimpointM2
Log: 1.0ms Unloading: Package bp_3P_tex
Log: 1.0ms Unloading: Package M16A2SFM500
Log: 1.0ms Unloading: Package gear_suspects
Log: 1.0ms Unloading: Package SwatEquipmentModels3
Log: 1.0ms Unloading: Package SwatEquipmentModels
Log: 1.0ms Unloading: Package NovaPump_ThirdPerson
Log: 1.0ms Unloading: Package FP_C2detonator
Log: 1.0ms Unloading: Package FP_csGasGrenade
Log: 1.0ms Unloading: Package Colt1911FL_ThirdPerson
Log: 1.0ms Unloading: Package FP_coltHG
Log: 1.0ms Unloading: Package FP_NovaPumpShotgun
Log: 1.0ms Unloading: Package FP_UMPsmg
Log: 1.0ms Unloading: Package Eotech552
Log: 1.0ms Unloading: Package FP_G36k
Log: 1.0ms Unloading: Package FP_9mmPistol
Log: 1.0ms Unloading: Package 1stPersonTex_sas
Log: 1.0ms Unloading: Package SurefireP101
Log: 1.0ms Unloading: Package NineMMpistol_ThirdPerson
Log: 1.0ms Unloading: Package FP_M4A1mg
Log: 1.0ms Unloading: Package FP_m4super90sg
Log: 2.0ms Unloading: Package FP_mp5SMG
Log: 2.0ms Unloading: Package FP_uzi
Log: 2.0ms Unloading: Package FP_flashbangGrenade
Log: 2.0ms Unloading: Package FP_stingGrenade
Log: 2.0ms Unloading: Package FP_mp5SMGsilenced
Log: 2.0ms Unloading: Package Optiwand_ThirdPerson
Log: 2.0ms Unloading: Package FP_Optiwand
Log: 2.0ms Unloading: Package scripted_tex
Log: 2.0ms Unloading: Package FP_Pepperspray
Log: 2.0ms Unloading: Package FP_BreachingSG
Log: 2.0ms Unloading: Package BreachingSG_ThirdPerson
Log: 2.0ms Unloading: Package FP_AK47
Log: 2.0ms Unloading: Package FP_DoorWedge
Log: 2.0ms Unloading: Package FP_toolkit
Log: 2.0ms Unloading: Package Coronas
Log: 2.0ms Unloading: Package FP_C2charge
Log: 2.0ms Unloading: Package FP_Handcuffs
Log: 2.0ms Unloading: Package FP_paintball
Log: 2.0ms Unloading: Package FP_taser
Log: 2.0ms Unloading: Package FP_Revolver
Log: 2.0ms Unloading: Package FP_FragGrenade
Log: 2.0ms Unloading: Package coltsmg_static
Log: 2.0ms Unloading: Package ColtSMG
Log: 2.0ms Unloading: Package FP_coltsmgsil
Log: 2.0ms Unloading: Package FP_coltsmg
Log: 2.0ms Unloading: Package SwatProgrammerSampleClasses
Log: 2.0ms Unloading: Package DeadPeople_sm
Log: 2.0ms Unloading: Package FemaleNurseTex
Log: 2.0ms Unloading: Package SWATbadguyTex
Log: 2.0ms Unloading: Package Paradise_sm
Log: 2.0ms Unloading: Package SWATmeshFX_sm
Log: 2.0ms Unloading: Package Con_Tex
Log: 2.0ms Unloading: Package swatmeshfx2_sm
Log: 2.0ms Unloading: Package TaserWire
Log: 2.0ms Unloading: Package SW_FR
Log: 2.0ms Unloading: Package Hotel_sm
Log: 2.0ms Unloading: Package HotelFXtex
Log: 2.0ms Unloading: Package SwatDesignerClasses
Log: 2.0ms Unloading: Package Bar_sm
Log: 2.0ms Unloading: Package Junk_Tex
Log: 2.0ms Unloading: Package Con_sm
Log: 2.0ms Unloading: Package mac_Tex
Log: 2.0ms Unloading: Package Tenement_sm
Log: 2.0ms Unloading: Package Silence_sm
Log: 2.0ms Unloading: Package off_sm
Log: 2.0ms Unloading: Package Repo_sm
Log: 2.0ms Unloading: Package LocalizedTextures
Log: 2.0ms Unloading: Package Barbershop_sm
Log: 2.0ms Unloading: Package Furniture_Tex
Log: 2.0ms Unloading: Package dna_sm
Log: 2.0ms Unloading: Package amc_Tex
Log: 2.0ms Unloading: Package VIP_sm
Log: 2.0ms Unloading: Package Cars
Log: 2.0ms Unloading: Package mac_sm
Log: 2.0ms Unloading: Package Hosp_sm
Log: 2.0ms Unloading: Package Power_sm
Log: 2.0ms Unloading: Package Jewel_sm
Log: 2.0ms Unloading: Package Redlibrary_sm
Log: 2.0ms Unloading: Package Utility_Tex
Log: 2.0ms Unloading: Package train_sm
Log: 2.0ms Unloading: Package utility_sm
Log: 2.0ms Unloading: Package bullseye_sm
Log: 2.0ms Unloading: Package Junk_sm
Log: 2.0ms Unloading: Package Cars_sm
Log: 2.0ms Unloading: Package wall_sm
Log: 2.0ms Unloading: Package wall_Tex
Log: 2.0ms Unloading: Package TrainingAnimatedMeshes
Log: 2.0ms Unloading: Package MPbomb
Log: 2.0ms Unloading: Package fp_Stinger
Log: 2.0ms Unloading: Package taserX2
Log: 2.0ms Unloading: Package FP_HK69
Log: 2.0ms Unloading: Package SWAT1stPersonTex2
Log: 2.0ms Unloading: Package FP_glowstick
Log: 2.0ms Unloading: Package fp_fnp90
Log: 2.0ms Unloading: Package p90sight
Log: 2.0ms Unloading: Package fp_tec9
Log: 2.0ms Unloading: Package fp_deserteagle
Log: 2.0ms Unloading: Package FP_SAW
Log: 2.0ms Unloading: Package 3rd_SAW
Log: 2.0ms Unloading: Package FP_AR_15SD
Log: 2.0ms Unloading: Package ColtAcc
Log: 2.0ms Unloading: Package FP_Hand2
Log: 2.0ms Unloading: Package SWAThands
Log: 2.0ms Unloading: Package Packages
Log: Garbage: objects: 1314->0; refs: 0
Exit: Object subsystem successfully closed.
Exit: Exiting.
Log: Waiting for file streaming thread to finish...
Uninitialized: Name subsystem shut down
Uninitialized: Allocation checking disabled
Uninitialized: Log file closed, 02/18/23 08:49:46
